{"numTotalTestSuites":165,"numPassedTestSuites":73,"numFailedTestSuites":92,"numPendingTestSuites":0,"numTotalTests":135,"numPassedTests":86,"numFailedTests":49,"numPendingTests":0,"numTodoTests":0,"snapshot":{"added":0,"failure":false,"filesAdded":0,"filesRemoved":0,"filesRemovedList":[],"filesUnmatched":0,"filesUpdated":0,"matched":0,"total":0,"unchecked":0,"uncheckedKeysByFile":[],"unmatched":0,"updated":0,"didUpdate":false},"startTime":1778986934101,"success":false,"testResults":[{"assertionResults":[{"ancestorTitles":["LoadingScreen UI Component"],"fullName":"LoadingScreen UI Component should render loading overlay containers","status":"failed","title":"should render loading overlay containers","duration":51.859665999999834,"failureMessages":["Error: Element type is invalid: expected a string (for built-in components) or a class/function (for composite components) but got: undefined. You likely forgot to export your component from the file it's defined in, or you might have mixed up default and named imports.\n    at createFiberFromTypeAndProps (/Users/borissmiyan/Work/AppDev/ekklesienter/node_modules/react-dom/cjs/react-dom-client.development.js:5021:28)\n    at createFiberFromElement (/Users/borissmiyan/Work/AppDev/ekklesienter/node_modules/react-dom/cjs/react-dom-client.development.js:5035:14)\n    at reconcileChildFibersImpl (/Users/borissmiyan/Work/AppDev/ekklesienter/node_modules/react-dom/cjs/react-dom-client.development.js:6920:31)\n    at /Users/borissmiyan/Work/AppDev/ekklesienter/node_modules/react-dom/cjs/react-dom-client.development.js:7098:33\n    at reconcileChildren (/Users/borissmiyan/Work/AppDev/ekklesienter/node_modules/react-dom/cjs/react-dom-client.development.js:9702:13)\n    at beginWork (/Users/borissmiyan/Work/AppDev/ekklesienter/node_modules/react-dom/cjs/react-dom-client.development.js:11899:15)\n    at runWithFiberInDEV (/Users/borissmiyan/Work/AppDev/ekklesienter/node_modules/react-dom/cjs/react-dom-client.development.js:874:13)\n    at performUnitOfWork (/Users/borissmiyan/Work/AppDev/ekklesienter/node_modules/react-dom/cjs/react-dom-client.development.js:17641:22)\n    at workLoopSync (/Users/borissmiyan/Work/AppDev/ekklesienter/node_modules/react-dom/cjs/react-dom-client.development.js:17469:41)\n    at renderRootSync (/Users/borissmiyan/Work/AppDev/ekklesienter/node_modules/react-dom/cjs/react-dom-client.development.js:17450:11)"],"meta":{}}],"startTime":1778986938629,"endTime":1778986938680.8596,"status":"failed","message":"","name":"/Users/borissmiyan/Work/AppDev/ekklesienter/src/core/components/LoadingScreen.test.tsx"},{"assertionResults":[{"ancestorTitles":["PerformanceMonitor UI Component"],"fullName":"PerformanceMonitor UI Component should render stats overlay monitors","status":"failed","title":"should render stats overlay monitors","duration":18.493666999999732,"failureMessages":["Error: Element type is invalid: expected a string (for built-in components) or a class/function (for composite components) but got: undefined. You likely forgot to export your component from the file it's defined in, or you might have mixed up default and named imports.\n    at createFiberFromTypeAndProps (/Users/borissmiyan/Work/AppDev/ekklesienter/node_modules/react-dom/cjs/react-dom-client.development.js:5021:28)\n    at createFiberFromElement (/Users/borissmiyan/Work/AppDev/ekklesienter/node_modules/react-dom/cjs/react-dom-client.development.js:5035:14)\n    at reconcileChildFibersImpl (/Users/borissmiyan/Work/AppDev/ekklesienter/node_modules/react-dom/cjs/react-dom-client.development.js:6920:31)\n    at /Users/borissmiyan/Work/AppDev/ekklesienter/node_modules/react-dom/cjs/react-dom-client.development.js:7098:33\n    at reconcileChildren (/Users/borissmiyan/Work/AppDev/ekklesienter/node_modules/react-dom/cjs/react-dom-client.development.js:9702:13)\n    at beginWork (/Users/borissmiyan/Work/AppDev/ekklesienter/node_modules/react-dom/cjs/react-dom-client.development.js:11899:15)\n    at runWithFiberInDEV (/Users/borissmiyan/Work/AppDev/ekklesienter/node_modules/react-dom/cjs/react-dom-client.development.js:874:13)\n    at performUnitOfWork (/Users/borissmiyan/Work/AppDev/ekklesienter/node_modules/react-dom/cjs/react-dom-client.development.js:17641:22)\n    at workLoopSync (/Users/borissmiyan/Work/AppDev/ekklesienter/node_modules/react-dom/cjs/react-dom-client.development.js:17469:41)\n    at renderRootSync (/Users/borissmiyan/Work/AppDev/ekklesienter/node_modules/react-dom/cjs/react-dom-client.development.js:17450:11)"],"meta":{}}],"startTime":1778986937416,"endTime":1778986937434.4937,"status":"failed","message":"","name":"/Users/borissmiyan/Work/AppDev/ekklesienter/src/core/components/PerformanceMonitor.test.tsx"},{"assertionResults":[{"ancestorTitles":["useContainFit layout constraints"],"fullName":"useContainFit layout constraints should return fitting width and scale ratios","status":"failed","title":"should return fitting width and scale ratios","duration":18.493875000000116,"failureMessages":["AssertionError: expected { width: undefined, …(2) } to have property \"scale\"\n    at /Users/borissmiyan/Work/AppDev/ekklesienter/src/core/hooks/useContainFit.test.ts:8:32\n    at file:///Users/borissmiyan/Work/AppDev/ekklesienter/node_modules/@vitest/runner/dist/index.js:145:11\n    at file:///Users/borissmiyan/Work/AppDev/ekklesienter/node_modules/@vitest/runner/dist/index.js:915:26\n    at file:///Users/borissmiyan/Work/AppDev/ekklesienter/node_modules/@vitest/runner/dist/index.js:1243:20\n    at new Promise (<anonymous>)\n    at runWithTimeout (file:///Users/borissmiyan/Work/AppDev/ekklesienter/node_modules/@vitest/runner/dist/index.js:1209:10)\n    at file:///Users/borissmiyan/Work/AppDev/ekklesienter/node_modules/@vitest/runner/dist/index.js:1653:37\n    at Traces.$ (file:///Users/borissmiyan/Work/AppDev/ekklesienter/node_modules/vitest/dist/chunks/traces.CCmnQaNT.js:142:27)\n    at trace (file:///Users/borissmiyan/Work/AppDev/ekklesienter/node_modules/vitest/dist/chunks/test.B8ej_ZHS.js:239:21)\n    at runTest (file:///Users/borissmiyan/Work/AppDev/ekklesienter/node_modules/@vitest/runner/dist/index.js:1653:12)"],"meta":{}}],"startTime":1778986937414,"endTime":1778986937432.494,"status":"failed","message":"","name":"/Users/borissmiyan/Work/AppDev/ekklesienter/src/core/hooks/useContainFit.test.ts"},{"assertionResults":[{"ancestorTitles":["useIntersection visibility tracking"],"fullName":"useIntersection visibility tracking should instantiate intersection tracker","status":"failed","title":"should instantiate intersection tracker","duration":13.38370900000018,"failureMessages":["AssertionError: expected undefined to be null\n    at /Users/borissmiyan/Work/AppDev/ekklesienter/src/core/hooks/useIntersection.test.ts:9:32\n    at file:///Users/borissmiyan/Work/AppDev/ekklesienter/node_modules/@vitest/runner/dist/index.js:145:11\n    at file:///Users/borissmiyan/Work/AppDev/ekklesienter/node_modules/@vitest/runner/dist/index.js:915:26\n    at file:///Users/borissmiyan/Work/AppDev/ekklesienter/node_modules/@vitest/runner/dist/index.js:1243:20\n    at new Promise (<anonymous>)\n    at runWithTimeout (file:///Users/borissmiyan/Work/AppDev/ekklesienter/node_modules/@vitest/runner/dist/index.js:1209:10)\n    at file:///Users/borissmiyan/Work/AppDev/ekklesienter/node_modules/@vitest/runner/dist/index.js:1653:37\n    at Traces.$ (file:///Users/borissmiyan/Work/AppDev/ekklesienter/node_modules/vitest/dist/chunks/traces.CCmnQaNT.js:142:27)\n    at trace (file:///Users/borissmiyan/Work/AppDev/ekklesienter/node_modules/vitest/dist/chunks/test.B8ej_ZHS.js:239:21)\n    at runTest (file:///Users/borissmiyan/Work/AppDev/ekklesienter/node_modules/@vitest/runner/dist/index.js:1653:12)"],"meta":{}}],"startTime":1778986937415,"endTime":1778986937428.3838,"status":"failed","message":"","name":"/Users/borissmiyan/Work/AppDev/ekklesienter/src/core/hooks/useIntersection.test.ts"},{"assertionResults":[{"ancestorTitles":["useLogoUrl"],"fullName":"useLogoUrl should yield matching logo object URLs","status":"passed","title":"should yield matching logo object URLs","duration":71.81566600000019,"failureMessages":[],"meta":{}}],"startTime":1778986947445,"endTime":1778986947516.8157,"status":"passed","message":"","name":"/Users/borissmiyan/Work/AppDev/ekklesienter/src/core/hooks/useLogoUrl.test.ts"},{"assertionResults":[{"ancestorTitles":["useMediaUrl"],"fullName":"useMediaUrl should yield correct media blob URLs","status":"passed","title":"should yield correct media blob URLs","duration":49.73458300000016,"failureMessages":[],"meta":{}}],"startTime":1778986948457,"endTime":1778986948506.7346,"status":"passed","message":"","name":"/Users/borissmiyan/Work/AppDev/ekklesienter/src/core/hooks/useMediaUrl.test.ts"},{"assertionResults":[{"ancestorTitles":["useResizable custom hook"],"fullName":"useResizable custom hook should render drag handles state cleanly","status":"passed","title":"should render drag handles state cleanly","duration":14.000166999999692,"failureMessages":[],"meta":{}}],"startTime":1778986949670,"endTime":1778986949684.0002,"status":"passed","message":"","name":"/Users/borissmiyan/Work/AppDev/ekklesienter/src/core/hooks/useResizable.test.ts"},{"assertionResults":[{"ancestorTitles":["useTextFit resizing font sizes"],"fullName":"useTextFit resizing font sizes should return safe scaling ratios","status":"failed","title":"should return safe scaling ratios","duration":14.00445800000034,"failureMessages":["AggregateError: \n    at aggregateErrors (/Users/borissmiyan/Work/AppDev/ekklesienter/node_modules/react/cjs/react.development.js:551:11)\n    at process.env.NODE_ENV.exports.act (/Users/borissmiyan/Work/AppDev/ekklesienter/node_modules/react/cjs/react.development.js:897:24)\n    at /Users/borissmiyan/Work/AppDev/ekklesienter/node_modules/@testing-library/react/dist/act-compat.js:46:25\n    at renderRoot (/Users/borissmiyan/Work/AppDev/ekklesienter/node_modules/@testing-library/react/dist/pure.js:189:26)\n    at render (/Users/borissmiyan/Work/AppDev/ekklesienter/node_modules/@testing-library/react/dist/pure.js:291:10)\n    at renderHook (/Users/borissmiyan/Work/AppDev/ekklesienter/node_modules/@testing-library/react/dist/pure.js:339:7)\n    at /Users/borissmiyan/Work/AppDev/ekklesienter/src/core/hooks/useTextFit.test.ts:7:28\n    at file:///Users/borissmiyan/Work/AppDev/ekklesienter/node_modules/@vitest/runner/dist/index.js:145:11\n    at file:///Users/borissmiyan/Work/AppDev/ekklesienter/node_modules/@vitest/runner/dist/index.js:915:26\n    at file:///Users/borissmiyan/Work/AppDev/ekklesienter/node_modules/@vitest/runner/dist/index.js:1243:20"],"meta":{}}],"startTime":1778986937411,"endTime":1778986937425.0044,"status":"failed","message":"","name":"/Users/borissmiyan/Work/AppDev/ekklesienter/src/core/hooks/useTextFit.test.ts"},{"assertionResults":[{"ancestorTitles":["useThrottle custom hook"],"fullName":"useThrottle custom hook should return value after specified throttle interval","status":"failed","title":"should return value after specified throttle interval","duration":50.204124999999976,"failureMessages":["AssertionError: expected [Function] to be 'value' // Object.is equality\n    at /Users/borissmiyan/Work/AppDev/ekklesienter/src/core/hooks/useThrottle.test.ts:8:32\n    at file:///Users/borissmiyan/Work/AppDev/ekklesienter/node_modules/@vitest/runner/dist/index.js:145:11\n    at file:///Users/borissmiyan/Work/AppDev/ekklesienter/node_modules/@vitest/runner/dist/index.js:915:26\n    at file:///Users/borissmiyan/Work/AppDev/ekklesienter/node_modules/@vitest/runner/dist/index.js:1243:20\n    at new Promise (<anonymous>)\n    at runWithTimeout (file:///Users/borissmiyan/Work/AppDev/ekklesienter/node_modules/@vitest/runner/dist/index.js:1209:10)\n    at file:///Users/borissmiyan/Work/AppDev/ekklesienter/node_modules/@vitest/runner/dist/index.js:1653:37\n    at Traces.$ (file:///Users/borissmiyan/Work/AppDev/ekklesienter/node_modules/vitest/dist/chunks/traces.CCmnQaNT.js:142:27)\n    at trace (file:///Users/borissmiyan/Work/AppDev/ekklesienter/node_modules/vitest/dist/chunks/test.B8ej_ZHS.js:239:21)\n    at runTest (file:///Users/borissmiyan/Work/AppDev/ekklesienter/node_modules/@vitest/runner/dist/index.js:1653:12)"],"meta":{}}],"startTime":1778986938815,"endTime":1778986938865.204,"status":"failed","message":"","name":"/Users/borissmiyan/Work/AppDev/ekklesienter/src/core/hooks/useThrottle.test.ts"},{"assertionResults":[{"ancestorTitles":["myBibleParser interpreter"],"fullName":"myBibleParser interpreter should define parser functions for SQLite binaries","status":"failed","title":"should define parser functions for SQLite binaries","duration":9.032999999999902,"failureMessages":["AssertionError: expected undefined to be defined\n    at /Users/borissmiyan/Work/AppDev/ekklesienter/src/core/parsers/myBibleParser.test.ts:6:30\n    at file:///Users/borissmiyan/Work/AppDev/ekklesienter/node_modules/@vitest/runner/dist/index.js:145:11\n    at file:///Users/borissmiyan/Work/AppDev/ekklesienter/node_modules/@vitest/runner/dist/index.js:915:26\n    at file:///Users/borissmiyan/Work/AppDev/ekklesienter/node_modules/@vitest/runner/dist/index.js:1243:20\n    at new Promise (<anonymous>)\n    at runWithTimeout (file:///Users/borissmiyan/Work/AppDev/ekklesienter/node_modules/@vitest/runner/dist/index.js:1209:10)\n    at file:///Users/borissmiyan/Work/AppDev/ekklesienter/node_modules/@vitest/runner/dist/index.js:1653:37\n    at Traces.$ (file:///Users/borissmiyan/Work/AppDev/ekklesienter/node_modules/vitest/dist/chunks/traces.CCmnQaNT.js:142:27)\n    at trace (file:///Users/borissmiyan/Work/AppDev/ekklesienter/node_modules/vitest/dist/chunks/test.B8ej_ZHS.js:239:21)\n    at runTest (file:///Users/borissmiyan/Work/AppDev/ekklesienter/node_modules/@vitest/runner/dist/index.js:1653:12)"],"meta":{}}],"startTime":1778986942974,"endTime":1778986942983.033,"status":"failed","message":"","name":"/Users/borissmiyan/Work/AppDev/ekklesienter/src/core/parsers/myBibleParser.test.ts"},{"assertionResults":[{"ancestorTitles":["zefaniaParser scriptures interpreter"],"fullName":"zefaniaParser scriptures interpreter should parse well-formed XML Zefania streams","status":"failed","title":"should parse well-formed XML Zefania streams","duration":3.3880830000000515,"failureMessages":["TypeError: (0 , __vite_ssr_import_1__.parseZefania) is not a function\n    at /Users/borissmiyan/Work/AppDev/ekklesienter/src/core/parsers/zefaniaParser.test.ts:7:29\n    at file:///Users/borissmiyan/Work/AppDev/ekklesienter/node_modules/@vitest/runner/dist/index.js:145:11\n    at file:///Users/borissmiyan/Work/AppDev/ekklesienter/node_modules/@vitest/runner/dist/index.js:915:26\n    at file:///Users/borissmiyan/Work/AppDev/ekklesienter/node_modules/@vitest/runner/dist/index.js:1243:20\n    at new Promise (<anonymous>)\n    at runWithTimeout (file:///Users/borissmiyan/Work/AppDev/ekklesienter/node_modules/@vitest/runner/dist/index.js:1209:10)\n    at file:///Users/borissmiyan/Work/AppDev/ekklesienter/node_modules/@vitest/runner/dist/index.js:1653:37\n    at Traces.$ (file:///Users/borissmiyan/Work/AppDev/ekklesienter/node_modules/vitest/dist/chunks/traces.CCmnQaNT.js:142:27)\n    at trace (file:///Users/borissmiyan/Work/AppDev/ekklesienter/node_modules/vitest/dist/chunks/test.B8ej_ZHS.js:239:21)\n    at runTest (file:///Users/borissmiyan/Work/AppDev/ekklesienter/node_modules/@vitest/runner/dist/index.js:1653:12)"],"meta":{}}],"startTime":1778986944166,"endTime":1778986944169.3882,"status":"failed","message":"","name":"/Users/borissmiyan/Work/AppDev/ekklesienter/src/core/parsers/zefaniaParser.test.ts"},{"assertionResults":[{"ancestorTitles":["displayStore configuration settings"],"fullName":"displayStore configuration settings should manage screen resolutions and scale state","status":"failed","title":"should manage screen resolutions and scale state","duration":3.4774999999999636,"failureMessages":["TypeError: __vite_ssr_import_1__.useDisplayStore.getState(...).setResolution is not a function\n    at /Users/borissmiyan/Work/AppDev/ekklesienter/src/core/store/displayStore.test.ts:6:36\n    at file:///Users/borissmiyan/Work/AppDev/ekklesienter/node_modules/@vitest/runner/dist/index.js:145:11\n    at file:///Users/borissmiyan/Work/AppDev/ekklesienter/node_modules/@vitest/runner/dist/index.js:915:26\n    at file:///Users/borissmiyan/Work/AppDev/ekklesienter/node_modules/@vitest/runner/dist/index.js:1243:20\n    at new Promise (<anonymous>)\n    at runWithTimeout (file:///Users/borissmiyan/Work/AppDev/ekklesienter/node_modules/@vitest/runner/dist/index.js:1209:10)\n    at file:///Users/borissmiyan/Work/AppDev/ekklesienter/node_modules/@vitest/runner/dist/index.js:1653:37\n    at Traces.$ (file:///Users/borissmiyan/Work/AppDev/ekklesienter/node_modules/vitest/dist/chunks/traces.CCmnQaNT.js:142:27)\n    at trace (file:///Users/borissmiyan/Work/AppDev/ekklesienter/node_modules/vitest/dist/chunks/test.B8ej_ZHS.js:239:21)\n    at runTest (file:///Users/borissmiyan/Work/AppDev/ekklesienter/node_modules/@vitest/runner/dist/index.js:1653:12)"],"meta":{}}],"startTime":1778986945450,"endTime":1778986945453.4775,"status":"failed","message":"","name":"/Users/borissmiyan/Work/AppDev/ekklesienter/src/core/store/displayStore.test.ts"},{"assertionResults":[{"ancestorTitles":["historyStore undo-redo state"],"fullName":"historyStore undo-redo state should record snapshots and navigate history","status":"failed","title":"should record snapshots and navigate history","duration":8.65020800000002,"failureMessages":["TypeError: __vite_ssr_import_1__.useHistoryStore.getState(...).pushState is not a function\n    at /Users/borissmiyan/Work/AppDev/ekklesienter/src/core/store/historyStore.test.ts:6:36\n    at file:///Users/borissmiyan/Work/AppDev/ekklesienter/node_modules/@vitest/runner/dist/index.js:145:11\n    at file:///Users/borissmiyan/Work/AppDev/ekklesienter/node_modules/@vitest/runner/dist/index.js:915:26\n    at file:///Users/borissmiyan/Work/AppDev/ekklesienter/node_modules/@vitest/runner/dist/index.js:1243:20\n    at new Promise (<anonymous>)\n    at runWithTimeout (file:///Users/borissmiyan/Work/AppDev/ekklesienter/node_modules/@vitest/runner/dist/index.js:1209:10)\n    at file:///Users/borissmiyan/Work/AppDev/ekklesienter/node_modules/@vitest/runner/dist/index.js:1653:37\n    at Traces.$ (file:///Users/borissmiyan/Work/AppDev/ekklesienter/node_modules/vitest/dist/chunks/traces.CCmnQaNT.js:142:27)\n    at trace (file:///Users/borissmiyan/Work/AppDev/ekklesienter/node_modules/vitest/dist/chunks/test.B8ej_ZHS.js:239:21)\n    at runTest (file:///Users/borissmiyan/Work/AppDev/ekklesienter/node_modules/@vitest/runner/dist/index.js:1653:12)"],"meta":{}}],"startTime":1778986943419,"endTime":1778986943427.6501,"status":"failed","message":"","name":"/Users/borissmiyan/Work/AppDev/ekklesienter/src/core/store/historyStore.test.ts"},{"assertionResults":[{"ancestorTitles":["loadingStore"],"fullName":"loadingStore should trigger loading status states","status":"failed","title":"should trigger loading status states","duration":6.799916999999823,"failureMessages":["AssertionError: expected undefined to be false // Object.is equality\n    at /Users/borissmiyan/Work/AppDev/ekklesienter/src/core/store/loadingStore.test.ts:6:54\n    at file:///Users/borissmiyan/Work/AppDev/ekklesienter/node_modules/@vitest/runner/dist/index.js:145:11\n    at file:///Users/borissmiyan/Work/AppDev/ekklesienter/node_modules/@vitest/runner/dist/index.js:915:26\n    at file:///Users/borissmiyan/Work/AppDev/ekklesienter/node_modules/@vitest/runner/dist/index.js:1243:20\n    at new Promise (<anonymous>)\n    at runWithTimeout (file:///Users/borissmiyan/Work/AppDev/ekklesienter/node_modules/@vitest/runner/dist/index.js:1209:10)\n    at file:///Users/borissmiyan/Work/AppDev/ekklesienter/node_modules/@vitest/runner/dist/index.js:1653:37\n    at Traces.$ (file:///Users/borissmiyan/Work/AppDev/ekklesienter/node_modules/vitest/dist/chunks/traces.CCmnQaNT.js:142:27)\n    at trace (file:///Users/borissmiyan/Work/AppDev/ekklesienter/node_modules/vitest/dist/chunks/test.B8ej_ZHS.js:239:21)\n    at runTest (file:///Users/borissmiyan/Work/AppDev/ekklesienter/node_modules/@vitest/runner/dist/index.js:1653:12)"],"meta":{}}],"startTime":1778986940256,"endTime":1778986940262.7998,"status":"failed","message":"","name":"/Users/borissmiyan/Work/AppDev/ekklesienter/src/core/store/loadingStore.test.ts"},{"assertionResults":[{"ancestorTitles":["modalStore atomic overlays"],"fullName":"modalStore atomic overlays should open and close modal states dynamically","status":"failed","title":"should open and close modal states dynamically","duration":9.024374999999964,"failureMessages":["AssertionError: expected undefined to be null\n    at /Users/borissmiyan/Work/AppDev/ekklesienter/src/core/store/modalStore.test.ts:6:54\n    at file:///Users/borissmiyan/Work/AppDev/ekklesienter/node_modules/@vitest/runner/dist/index.js:145:11\n    at file:///Users/borissmiyan/Work/AppDev/ekklesienter/node_modules/@vitest/runner/dist/index.js:915:26\n    at file:///Users/borissmiyan/Work/AppDev/ekklesienter/node_modules/@vitest/runner/dist/index.js:1243:20\n    at new Promise (<anonymous>)\n    at runWithTimeout (file:///Users/borissmiyan/Work/AppDev/ekklesienter/node_modules/@vitest/runner/dist/index.js:1209:10)\n    at file:///Users/borissmiyan/Work/AppDev/ekklesienter/node_modules/@vitest/runner/dist/index.js:1653:37\n    at Traces.$ (file:///Users/borissmiyan/Work/AppDev/ekklesienter/node_modules/vitest/dist/chunks/traces.CCmnQaNT.js:142:27)\n    at trace (file:///Users/borissmiyan/Work/AppDev/ekklesienter/node_modules/vitest/dist/chunks/test.B8ej_ZHS.js:239:21)\n    at runTest (file:///Users/borissmiyan/Work/AppDev/ekklesienter/node_modules/@vitest/runner/dist/index.js:1653:12)"],"meta":{}}],"startTime":1778986940355,"endTime":1778986940364.0244,"status":"failed","message":"","name":"/Users/borissmiyan/Work/AppDev/ekklesienter/src/core/store/modalStore.test.ts"},{"assertionResults":[{"ancestorTitles":["audioUtils"],"fullName":"audioUtils should format seconds into correct MM:SS strings","status":"failed","title":"should format seconds into correct MM:SS strings","duration":3.244042000000036,"failureMessages":["TypeError: (0 , __vite_ssr_import_1__.formatTime) is not a function\n    at /Users/borissmiyan/Work/AppDev/ekklesienter/src/core/utils/audioUtils.test.ts:6:16\n    at file:///Users/borissmiyan/Work/AppDev/ekklesienter/node_modules/@vitest/runner/dist/index.js:145:11\n    at file:///Users/borissmiyan/Work/AppDev/ekklesienter/node_modules/@vitest/runner/dist/index.js:915:26\n    at file:///Users/borissmiyan/Work/AppDev/ekklesienter/node_modules/@vitest/runner/dist/index.js:1243:20\n    at new Promise (<anonymous>)\n    at runWithTimeout (file:///Users/borissmiyan/Work/AppDev/ekklesienter/node_modules/@vitest/runner/dist/index.js:1209:10)\n    at file:///Users/borissmiyan/Work/AppDev/ekklesienter/node_modules/@vitest/runner/dist/index.js:1653:37\n    at Traces.$ (file:///Users/borissmiyan/Work/AppDev/ekklesienter/node_modules/vitest/dist/chunks/traces.CCmnQaNT.js:142:27)\n    at trace (file:///Users/borissmiyan/Work/AppDev/ekklesienter/node_modules/vitest/dist/chunks/test.B8ej_ZHS.js:239:21)\n    at runTest (file:///Users/borissmiyan/Work/AppDev/ekklesienter/node_modules/@vitest/runner/dist/index.js:1653:12)"],"meta":{}}],"startTime":1778986940685,"endTime":1778986940688.2441,"status":"failed","message":"","name":"/Users/borissmiyan/Work/AppDev/ekklesienter/src/core/utils/audioUtils.test.ts"},{"assertionResults":[{"ancestorTitles":["blendEngine","sRGB ↔ Linear Conversion"],"fullName":"blendEngine sRGB ↔ Linear Conversion should roundtrip hex colors correctly","status":"passed","title":"should roundtrip hex colors correctly","duration":1.6835829999999987,"failureMessages":[],"meta":{}},{"ancestorTitles":["blendEngine","sRGB ↔ Linear Conversion"],"fullName":"blendEngine sRGB ↔ Linear Conversion should handle opacity correctly during conversion","status":"passed","title":"should handle opacity correctly during conversion","duration":0.12554199999999582,"failureMessages":[],"meta":{}},{"ancestorTitles":["blendEngine","compositeOver"],"fullName":"blendEngine compositeOver should perform Normal blending","status":"passed","title":"should perform Normal blending","duration":0.6602080000000115,"failureMessages":[],"meta":{}},{"ancestorTitles":["blendEngine","compositeOver"],"fullName":"blendEngine compositeOver should perform Multiply blending","status":"passed","title":"should perform Multiply blending","duration":0.7512500000000273,"failureMessages":[],"meta":{}},{"ancestorTitles":["blendEngine","compositeOver"],"fullName":"blendEngine compositeOver should composite with alpha","status":"passed","title":"should composite with alpha","duration":1.3195000000000618,"failureMessages":[],"meta":{}},{"ancestorTitles":["blendEngine","getComputedColor"],"fullName":"blendEngine getComputedColor should compute final color from solid layer stack (top-first)","status":"passed","title":"should compute final color from solid layer stack (top-first)","duration":0.23254100000008293,"failureMessages":[],"meta":{}},{"ancestorTitles":["blendEngine","getComputedColor"],"fullName":"blendEngine getComputedColor should correctly skip hidden layers","status":"passed","title":"should correctly skip hidden layers","duration":0.1513750000001437,"failureMessages":[],"meta":{}},{"ancestorTitles":["blendEngine","getComputedColor"],"fullName":"blendEngine getComputedColor should ignore non-color layers","status":"passed","title":"should ignore non-color layers","duration":0.1669170000000122,"failureMessages":[],"meta":{}},{"ancestorTitles":["blendEngine","findOcclusionCutoff"],"fullName":"blendEngine findOcclusionCutoff should identify the correct opaque normal layer","status":"passed","title":"should identify the correct opaque normal layer","duration":0.35658300000000054,"failureMessages":[],"meta":{}},{"ancestorTitles":["blendEngine","findOcclusionCutoff"],"fullName":"blendEngine findOcclusionCutoff should return 0 if no opaque normal layer is found","status":"passed","title":"should return 0 if no opaque normal layer is found","duration":0.0840410000000702,"failureMessages":[],"meta":{}}],"startTime":1778986952091,"endTime":1778986952096.3567,"status":"passed","message":"","name":"/Users/borissmiyan/Work/AppDev/ekklesienter/src/core/utils/blendEngine.test.ts"},{"assertionResults":[{"ancestorTitles":["blobDebugger"],"fullName":"blobDebugger should return safe debug specs without throwing","status":"failed","title":"should return safe debug specs without throwing","duration":3.48237499999982,"failureMessages":["TypeError: (0 , __vite_ssr_import_1__.debugBlob) is not a function\n    at /Users/borissmiyan/Work/AppDev/ekklesienter/src/core/utils/blobDebugger.test.ts:6:23\n    at file:///Users/borissmiyan/Work/AppDev/ekklesienter/node_modules/@vitest/runner/dist/index.js:145:11\n    at file:///Users/borissmiyan/Work/AppDev/ekklesienter/node_modules/@vitest/runner/dist/index.js:915:26\n    at file:///Users/borissmiyan/Work/AppDev/ekklesienter/node_modules/@vitest/runner/dist/index.js:1243:20\n    at new Promise (<anonymous>)\n    at runWithTimeout (file:///Users/borissmiyan/Work/AppDev/ekklesienter/node_modules/@vitest/runner/dist/index.js:1209:10)\n    at file:///Users/borissmiyan/Work/AppDev/ekklesienter/node_modules/@vitest/runner/dist/index.js:1653:37\n    at Traces.$ (file:///Users/borissmiyan/Work/AppDev/ekklesienter/node_modules/vitest/dist/chunks/traces.CCmnQaNT.js:142:27)\n    at trace (file:///Users/borissmiyan/Work/AppDev/ekklesienter/node_modules/vitest/dist/chunks/test.B8ej_ZHS.js:239:21)\n    at runTest (file:///Users/borissmiyan/Work/AppDev/ekklesienter/node_modules/@vitest/runner/dist/index.js:1653:12)"],"meta":{}}],"startTime":1778986943902,"endTime":1778986943905.4824,"status":"failed","message":"","name":"/Users/borissmiyan/Work/AppDev/ekklesienter/src/core/utils/blobDebugger.test.ts"},{"assertionResults":[{"ancestorTitles":["canvasColorComputer"],"fullName":"canvasColorComputer should suggest contrast colors for elements","status":"failed","title":"should suggest contrast colors for elements","duration":4.254417000000103,"failureMessages":["TypeError: (0 , __vite_ssr_import_1__.getOpposingColor) is not a function\n    at /Users/borissmiyan/Work/AppDev/ekklesienter/src/core/utils/canvasColorComputer.test.ts:6:16\n    at file:///Users/borissmiyan/Work/AppDev/ekklesienter/node_modules/@vitest/runner/dist/index.js:145:11\n    at file:///Users/borissmiyan/Work/AppDev/ekklesienter/node_modules/@vitest/runner/dist/index.js:915:26\n    at file:///Users/borissmiyan/Work/AppDev/ekklesienter/node_modules/@vitest/runner/dist/index.js:1243:20\n    at new Promise (<anonymous>)\n    at runWithTimeout (file:///Users/borissmiyan/Work/AppDev/ekklesienter/node_modules/@vitest/runner/dist/index.js:1209:10)\n    at file:///Users/borissmiyan/Work/AppDev/ekklesienter/node_modules/@vitest/runner/dist/index.js:1653:37\n    at Traces.$ (file:///Users/borissmiyan/Work/AppDev/ekklesienter/node_modules/vitest/dist/chunks/traces.CCmnQaNT.js:142:27)\n    at trace (file:///Users/borissmiyan/Work/AppDev/ekklesienter/node_modules/vitest/dist/chunks/test.B8ej_ZHS.js:239:21)\n    at runTest (file:///Users/borissmiyan/Work/AppDev/ekklesienter/node_modules/@vitest/runner/dist/index.js:1653:12)"],"meta":{}}],"startTime":1778986942025,"endTime":1778986942029.2544,"status":"failed","message":"","name":"/Users/borissmiyan/Work/AppDev/ekklesienter/src/core/utils/canvasColorComputer.test.ts"},{"assertionResults":[{"ancestorTitles":["canvasMath utilities"],"fullName":"canvasMath utilities should calculateMove correctly","status":"passed","title":"should calculateMove correctly","duration":1.4711249999998017,"failureMessages":[],"meta":{}},{"ancestorTitles":["canvasMath utilities"],"fullName":"canvasMath utilities should resolve correct resize cursors","status":"passed","title":"should resolve correct resize cursors","duration":0.47925000000009277,"failureMessages":[],"meta":{}},{"ancestorTitles":["canvasMath utilities"],"fullName":"canvasMath utilities should resolve correct rotate angles","status":"passed","title":"should resolve correct rotate angles","duration":0.168042000000014,"failureMessages":[],"meta":{}}],"startTime":1778986951935,"endTime":1778986951938.168,"status":"passed","message":"","name":"/Users/borissmiyan/Work/AppDev/ekklesienter/src/core/utils/canvasMath.test.ts"},{"assertionResults":[{"ancestorTitles":["cn utility"],"fullName":"cn utility should merge classes correctly","status":"passed","title":"should merge classes correctly","duration":6.643249999999853,"failureMessages":[],"meta":{}}],"startTime":1778986947400,"endTime":1778986947406.6433,"status":"passed","message":"","name":"/Users/borissmiyan/Work/AppDev/ekklesienter/src/core/utils/cn.test.ts"},{"assertionResults":[{"ancestorTitles":["effectUtils interpolation and boundaries"],"fullName":"effectUtils interpolation and boundaries should clamp values between boundaries correctly","status":"failed","title":"should clamp values between boundaries correctly","duration":3.24474999999984,"failureMessages":["TypeError: (0 , __vite_ssr_import_1__.clamp) is not a function\n    at /Users/borissmiyan/Work/AppDev/ekklesienter/src/core/utils/effectUtils.test.ts:6:16\n    at file:///Users/borissmiyan/Work/AppDev/ekklesienter/node_modules/@vitest/runner/dist/index.js:145:11\n    at file:///Users/borissmiyan/Work/AppDev/ekklesienter/node_modules/@vitest/runner/dist/index.js:915:26\n    at file:///Users/borissmiyan/Work/AppDev/ekklesienter/node_modules/@vitest/runner/dist/index.js:1243:20\n    at new Promise (<anonymous>)\n    at runWithTimeout (file:///Users/borissmiyan/Work/AppDev/ekklesienter/node_modules/@vitest/runner/dist/index.js:1209:10)\n    at file:///Users/borissmiyan/Work/AppDev/ekklesienter/node_modules/@vitest/runner/dist/index.js:1653:37\n    at Traces.$ (file:///Users/borissmiyan/Work/AppDev/ekklesienter/node_modules/vitest/dist/chunks/traces.CCmnQaNT.js:142:27)\n    at trace (file:///Users/borissmiyan/Work/AppDev/ekklesienter/node_modules/vitest/dist/chunks/test.B8ej_ZHS.js:239:21)\n    at runTest (file:///Users/borissmiyan/Work/AppDev/ekklesienter/node_modules/@vitest/runner/dist/index.js:1653:12)"],"meta":{}},{"ancestorTitles":["effectUtils interpolation and boundaries"],"fullName":"effectUtils interpolation and boundaries should linearly interpolate correctly","status":"failed","title":"should linearly interpolate correctly","duration":0.5985000000000582,"failureMessages":["TypeError: (0 , __vite_ssr_import_1__.lerp) is not a function\n    at /Users/borissmiyan/Work/AppDev/ekklesienter/src/core/utils/effectUtils.test.ts:12:16\n    at file:///Users/borissmiyan/Work/AppDev/ekklesienter/node_modules/@vitest/runner/dist/index.js:145:11\n    at file:///Users/borissmiyan/Work/AppDev/ekklesienter/node_modules/@vitest/runner/dist/index.js:915:26\n    at file:///Users/borissmiyan/Work/AppDev/ekklesienter/node_modules/@vitest/runner/dist/index.js:1243:20\n    at new Promise (<anonymous>)\n    at runWithTimeout (file:///Users/borissmiyan/Work/AppDev/ekklesienter/node_modules/@vitest/runner/dist/index.js:1209:10)\n    at file:///Users/borissmiyan/Work/AppDev/ekklesienter/node_modules/@vitest/runner/dist/index.js:1653:37\n    at Traces.$ (file:///Users/borissmiyan/Work/AppDev/ekklesienter/node_modules/vitest/dist/chunks/traces.CCmnQaNT.js:142:27)\n    at trace (file:///Users/borissmiyan/Work/AppDev/ekklesienter/node_modules/vitest/dist/chunks/test.B8ej_ZHS.js:239:21)\n    at runTest (file:///Users/borissmiyan/Work/AppDev/ekklesienter/node_modules/@vitest/runner/dist/index.js:1653:12)"],"meta":{}}],"startTime":1778986938968,"endTime":1778986938971.5984,"status":"failed","message":"","name":"/Users/borissmiyan/Work/AppDev/ekklesienter/src/core/utils/effectUtils.test.ts"},{"assertionResults":[{"ancestorTitles":["isEqual deep equality"],"fullName":"isEqual deep equality should check deep equality correctly","status":"passed","title":"should check deep equality correctly","duration":2.540625000000091,"failureMessages":[],"meta":{}}],"startTime":1778986952098,"endTime":1778986952100.5405,"status":"passed","message":"","name":"/Users/borissmiyan/Work/AppDev/ekklesienter/src/core/utils/isEqual.test.ts"},{"assertionResults":[{"ancestorTitles":["markdownUtils"],"fullName":"markdownUtils should parse asterisks to bold element nodes","status":"failed","title":"should parse asterisks to bold element nodes","duration":5.668916999999965,"failureMessages":["TypeError: (0 , __vite_ssr_import_1__.renderMarkdown) is not a function\n    at /Users/borissmiyan/Work/AppDev/ekklesienter/src/core/utils/markdownUtils.test.tsx:6:26\n    at file:///Users/borissmiyan/Work/AppDev/ekklesienter/node_modules/@vitest/runner/dist/index.js:145:11\n    at file:///Users/borissmiyan/Work/AppDev/ekklesienter/node_modules/@vitest/runner/dist/index.js:915:26\n    at file:///Users/borissmiyan/Work/AppDev/ekklesienter/node_modules/@vitest/runner/dist/index.js:1243:20\n    at new Promise (<anonymous>)\n    at runWithTimeout (file:///Users/borissmiyan/Work/AppDev/ekklesienter/node_modules/@vitest/runner/dist/index.js:1209:10)\n    at file:///Users/borissmiyan/Work/AppDev/ekklesienter/node_modules/@vitest/runner/dist/index.js:1653:37\n    at Traces.$ (file:///Users/borissmiyan/Work/AppDev/ekklesienter/node_modules/vitest/dist/chunks/traces.CCmnQaNT.js:142:27)\n    at trace (file:///Users/borissmiyan/Work/AppDev/ekklesienter/node_modules/vitest/dist/chunks/test.B8ej_ZHS.js:239:21)\n    at runTest (file:///Users/borissmiyan/Work/AppDev/ekklesienter/node_modules/@vitest/runner/dist/index.js:1653:12)"],"meta":{}}],"startTime":1778986940724,"endTime":1778986940729.669,"status":"failed","message":"","name":"/Users/borissmiyan/Work/AppDev/ekklesienter/src/core/utils/markdownUtils.test.tsx"},{"assertionResults":[{"ancestorTitles":["sanitizeHtml utility"],"fullName":"sanitizeHtml utility should sanitize dangerous HTML tags","status":"passed","title":"should sanitize dangerous HTML tags","duration":59.03949999999986,"failureMessages":[],"meta":{}}],"startTime":1778986947351,"endTime":1778986947410.0396,"status":"passed","message":"","name":"/Users/borissmiyan/Work/AppDev/ekklesienter/src/core/utils/sanitizeHtml.test.ts"},{"assertionResults":[{"ancestorTitles":["sanitizePasteHtml utility"],"fullName":"sanitizePasteHtml utility should strip layout and preserve styled span elements","status":"passed","title":"should strip layout and preserve styled span elements","duration":188.50583300000017,"failureMessages":[],"meta":{}}],"startTime":1778986947194,"endTime":1778986947382.5059,"status":"passed","message":"","name":"/Users/borissmiyan/Work/AppDev/ekklesienter/src/core/utils/sanitizePaste.test.ts"},{"assertionResults":[{"ancestorTitles":["stripInlineStyles utility"],"fullName":"stripInlineStyles utility should strip targeted inline properties from elements","status":"failed","title":"should strip targeted inline properties from elements","duration":34.2158330000002,"failureMessages":["AssertionError: expected '<span style=\"color: red;\">Text</span>' to contain 'style=\"color: red\"'\n    at /Users/borissmiyan/Work/AppDev/ekklesienter/src/core/utils/stripInlineStyles.test.ts:8:23\n    at file:///Users/borissmiyan/Work/AppDev/ekklesienter/node_modules/@vitest/runner/dist/index.js:145:11\n    at file:///Users/borissmiyan/Work/AppDev/ekklesienter/node_modules/@vitest/runner/dist/index.js:915:26\n    at file:///Users/borissmiyan/Work/AppDev/ekklesienter/node_modules/@vitest/runner/dist/index.js:1243:20\n    at new Promise (<anonymous>)\n    at runWithTimeout (file:///Users/borissmiyan/Work/AppDev/ekklesienter/node_modules/@vitest/runner/dist/index.js:1209:10)\n    at file:///Users/borissmiyan/Work/AppDev/ekklesienter/node_modules/@vitest/runner/dist/index.js:1653:37\n    at Traces.$ (file:///Users/borissmiyan/Work/AppDev/ekklesienter/node_modules/vitest/dist/chunks/traces.CCmnQaNT.js:142:27)\n    at trace (file:///Users/borissmiyan/Work/AppDev/ekklesienter/node_modules/vitest/dist/chunks/test.B8ej_ZHS.js:239:21)\n    at runTest (file:///Users/borissmiyan/Work/AppDev/ekklesienter/node_modules/@vitest/runner/dist/index.js:1653:12)"],"meta":{}}],"startTime":1778986937243,"endTime":1778986937277.2158,"status":"failed","message":"","name":"/Users/borissmiyan/Work/AppDev/ekklesienter/src/core/utils/stripInlineStyles.test.ts"},{"assertionResults":[{"ancestorTitles":["styleMigration"],"fullName":"styleMigration should preserve and migrate backward compatible designs","status":"failed","title":"should preserve and migrate backward compatible designs","duration":2.9147080000000187,"failureMessages":["TypeError: (0 , __vite_ssr_import_1__.migrateStyles) is not a function\n    at /Users/borissmiyan/Work/AppDev/ekklesienter/src/core/utils/styleMigration.test.ts:7:26\n    at file:///Users/borissmiyan/Work/AppDev/ekklesienter/node_modules/@vitest/runner/dist/index.js:145:11\n    at file:///Users/borissmiyan/Work/AppDev/ekklesienter/node_modules/@vitest/runner/dist/index.js:915:26\n    at file:///Users/borissmiyan/Work/AppDev/ekklesienter/node_modules/@vitest/runner/dist/index.js:1243:20\n    at new Promise (<anonymous>)\n    at runWithTimeout (file:///Users/borissmiyan/Work/AppDev/ekklesienter/node_modules/@vitest/runner/dist/index.js:1209:10)\n    at file:///Users/borissmiyan/Work/AppDev/ekklesienter/node_modules/@vitest/runner/dist/index.js:1653:37\n    at Traces.$ (file:///Users/borissmiyan/Work/AppDev/ekklesienter/node_modules/vitest/dist/chunks/traces.CCmnQaNT.js:142:27)\n    at trace (file:///Users/borissmiyan/Work/AppDev/ekklesienter/node_modules/vitest/dist/chunks/test.B8ej_ZHS.js:239:21)\n    at runTest (file:///Users/borissmiyan/Work/AppDev/ekklesienter/node_modules/@vitest/runner/dist/index.js:1653:12)"],"meta":{}}],"startTime":1778986943903,"endTime":1778986943905.9148,"status":"failed","message":"","name":"/Users/borissmiyan/Work/AppDev/ekklesienter/src/core/utils/styleMigration.test.ts"},{"assertionResults":[{"ancestorTitles":["IpcService renderer-main bridge"],"fullName":"IpcService renderer-main bridge should offer callback bindings safely","status":"failed","title":"should offer callback bindings safely","duration":4.838999999999942,"failureMessages":["TypeError: Cannot read properties of undefined (reading 'on')\n    at /Users/borissmiyan/Work/AppDev/ekklesienter/src/core/services/IpcService.test.ts:6:27\n    at file:///Users/borissmiyan/Work/AppDev/ekklesienter/node_modules/@vitest/runner/dist/index.js:145:11\n    at file:///Users/borissmiyan/Work/AppDev/ekklesienter/node_modules/@vitest/runner/dist/index.js:915:26\n    at file:///Users/borissmiyan/Work/AppDev/ekklesienter/node_modules/@vitest/runner/dist/index.js:1243:20\n    at new Promise (<anonymous>)\n    at runWithTimeout (file:///Users/borissmiyan/Work/AppDev/ekklesienter/node_modules/@vitest/runner/dist/index.js:1209:10)\n    at file:///Users/borissmiyan/Work/AppDev/ekklesienter/node_modules/@vitest/runner/dist/index.js:1653:37\n    at Traces.$ (file:///Users/borissmiyan/Work/AppDev/ekklesienter/node_modules/vitest/dist/chunks/traces.CCmnQaNT.js:142:27)\n    at trace (file:///Users/borissmiyan/Work/AppDev/ekklesienter/node_modules/vitest/dist/chunks/test.B8ej_ZHS.js:239:21)\n    at runTest (file:///Users/borissmiyan/Work/AppDev/ekklesienter/node_modules/@vitest/runner/dist/index.js:1653:12)"],"meta":{}}],"startTime":1778986945052,"endTime":1778986945056.839,"status":"failed","message":"","name":"/Users/borissmiyan/Work/AppDev/ekklesienter/src/core/services/IpcService.test.ts"},{"assertionResults":[{"ancestorTitles":["LogoService logo manager"],"fullName":"LogoService logo manager should query registered system logos from db","status":"failed","title":"should query registered system logos from db","duration":3.558917000000065,"failureMessages":["TypeError: Cannot read properties of undefined (reading 'getAll')\n    at /Users/borissmiyan/Work/AppDev/ekklesienter/src/core/services/LogoService.test.ts:14:41\n    at file:///Users/borissmiyan/Work/AppDev/ekklesienter/node_modules/@vitest/runner/dist/index.js:145:11\n    at file:///Users/borissmiyan/Work/AppDev/ekklesienter/node_modules/@vitest/runner/dist/index.js:915:26\n    at file:///Users/borissmiyan/Work/AppDev/ekklesienter/node_modules/@vitest/runner/dist/index.js:1243:20\n    at new Promise (<anonymous>)\n    at runWithTimeout (file:///Users/borissmiyan/Work/AppDev/ekklesienter/node_modules/@vitest/runner/dist/index.js:1209:10)\n    at file:///Users/borissmiyan/Work/AppDev/ekklesienter/node_modules/@vitest/runner/dist/index.js:1653:37\n    at Traces.$ (file:///Users/borissmiyan/Work/AppDev/ekklesienter/node_modules/vitest/dist/chunks/traces.CCmnQaNT.js:142:27)\n    at trace (file:///Users/borissmiyan/Work/AppDev/ekklesienter/node_modules/vitest/dist/chunks/test.B8ej_ZHS.js:239:21)\n    at runTest (file:///Users/borissmiyan/Work/AppDev/ekklesienter/node_modules/@vitest/runner/dist/index.js:1653:12)"],"meta":{}}],"startTime":1778986942581,"endTime":1778986942584.5588,"status":"failed","message":"","name":"/Users/borissmiyan/Work/AppDev/ekklesienter/src/core/services/LogoService.test.ts"},{"assertionResults":[{"ancestorTitles":["WakeLockService"],"fullName":"WakeLockService should request screen sentinel locks cleanly","status":"failed","title":"should request screen sentinel locks cleanly","duration":5.925625000000082,"failureMessages":["TypeError: Cannot read properties of undefined (reading 'request')\n    at /Users/borissmiyan/Work/AppDev/ekklesienter/src/core/services/WakeLockService.test.ts:16:31\n    at file:///Users/borissmiyan/Work/AppDev/ekklesienter/node_modules/@vitest/runner/dist/index.js:145:11\n    at file:///Users/borissmiyan/Work/AppDev/ekklesienter/node_modules/@vitest/runner/dist/index.js:915:26\n    at file:///Users/borissmiyan/Work/AppDev/ekklesienter/node_modules/@vitest/runner/dist/index.js:1243:20\n    at new Promise (<anonymous>)\n    at runWithTimeout (file:///Users/borissmiyan/Work/AppDev/ekklesienter/node_modules/@vitest/runner/dist/index.js:1209:10)\n    at file:///Users/borissmiyan/Work/AppDev/ekklesienter/node_modules/@vitest/runner/dist/index.js:1653:37\n    at Traces.$ (file:///Users/borissmiyan/Work/AppDev/ekklesienter/node_modules/vitest/dist/chunks/traces.CCmnQaNT.js:142:27)\n    at trace (file:///Users/borissmiyan/Work/AppDev/ekklesienter/node_modules/vitest/dist/chunks/test.B8ej_ZHS.js:239:21)\n    at runTest (file:///Users/borissmiyan/Work/AppDev/ekklesienter/node_modules/@vitest/runner/dist/index.js:1653:12)"],"meta":{}}],"startTime":1778986942343,"endTime":1778986942348.9255,"status":"failed","message":"","name":"/Users/borissmiyan/Work/AppDev/ekklesienter/src/core/services/WakeLockService.test.ts"},{"assertionResults":[{"ancestorTitles":["errorLoggingService"],"fullName":"errorLoggingService should log failures returning generated UUID","status":"failed","title":"should log failures returning generated UUID","duration":4.795708999999988,"failureMessages":["TypeError: Cannot read properties of undefined (reading 'logError')\n    at /Users/borissmiyan/Work/AppDev/ekklesienter/src/core/services/errorLoggingService.test.ts:14:48\n    at file:///Users/borissmiyan/Work/AppDev/ekklesienter/node_modules/@vitest/runner/dist/index.js:145:11\n    at file:///Users/borissmiyan/Work/AppDev/ekklesienter/node_modules/@vitest/runner/dist/index.js:915:26\n    at file:///Users/borissmiyan/Work/AppDev/ekklesienter/node_modules/@vitest/runner/dist/index.js:1243:20\n    at new Promise (<anonymous>)\n    at runWithTimeout (file:///Users/borissmiyan/Work/AppDev/ekklesienter/node_modules/@vitest/runner/dist/index.js:1209:10)\n    at file:///Users/borissmiyan/Work/AppDev/ekklesienter/node_modules/@vitest/runner/dist/index.js:1653:37\n    at Traces.$ (file:///Users/borissmiyan/Work/AppDev/ekklesienter/node_modules/vitest/dist/chunks/traces.CCmnQaNT.js:142:27)\n    at trace (file:///Users/borissmiyan/Work/AppDev/ekklesienter/node_modules/vitest/dist/chunks/test.B8ej_ZHS.js:239:21)\n    at runTest (file:///Users/borissmiyan/Work/AppDev/ekklesienter/node_modules/@vitest/runner/dist/index.js:1653:12)"],"meta":{}}],"startTime":1778986938905,"endTime":1778986938909.7957,"status":"failed","message":"","name":"/Users/borissmiyan/Work/AppDev/ekklesienter/src/core/services/errorLoggingService.test.ts"},{"assertionResults":[{"ancestorTitles":["fontService system mappings"],"fullName":"fontService system mappings should return loaded custom font maps","status":"failed","title":"should return loaded custom font maps","duration":4.038332999999966,"failureMessages":["TypeError: Cannot read properties of undefined (reading 'getAvailableFonts')\n    at /Users/borissmiyan/Work/AppDev/ekklesienter/src/core/services/fontService.test.ts:6:35\n    at file:///Users/borissmiyan/Work/AppDev/ekklesienter/node_modules/@vitest/runner/dist/index.js:145:11\n    at file:///Users/borissmiyan/Work/AppDev/ekklesienter/node_modules/@vitest/runner/dist/index.js:915:26\n    at file:///Users/borissmiyan/Work/AppDev/ekklesienter/node_modules/@vitest/runner/dist/index.js:1243:20\n    at new Promise (<anonymous>)\n    at runWithTimeout (file:///Users/borissmiyan/Work/AppDev/ekklesienter/node_modules/@vitest/runner/dist/index.js:1209:10)\n    at file:///Users/borissmiyan/Work/AppDev/ekklesienter/node_modules/@vitest/runner/dist/index.js:1653:37\n    at Traces.$ (file:///Users/borissmiyan/Work/AppDev/ekklesienter/node_modules/vitest/dist/chunks/traces.CCmnQaNT.js:142:27)\n    at trace (file:///Users/borissmiyan/Work/AppDev/ekklesienter/node_modules/vitest/dist/chunks/test.B8ej_ZHS.js:239:21)\n    at runTest (file:///Users/borissmiyan/Work/AppDev/ekklesienter/node_modules/@vitest/runner/dist/index.js:1653:12)"],"meta":{}}],"startTime":1778986940630,"endTime":1778986940634.0383,"status":"failed","message":"","name":"/Users/borissmiyan/Work/AppDev/ekklesienter/src/core/services/fontService.test.ts"},{"assertionResults":[{"ancestorTitles":["liveSyncService synchronizer"],"fullName":"liveSyncService synchronizer should check active sync status","status":"failed","title":"should check active sync status","duration":4.984624999999824,"failureMessages":["TypeError: Cannot read properties of undefined (reading 'isConnected')\n    at /Users/borissmiyan/Work/AppDev/ekklesienter/src/core/services/liveSyncService.test.ts:6:32\n    at file:///Users/borissmiyan/Work/AppDev/ekklesienter/node_modules/@vitest/runner/dist/index.js:145:11\n    at file:///Users/borissmiyan/Work/AppDev/ekklesienter/node_modules/@vitest/runner/dist/index.js:915:26\n    at file:///Users/borissmiyan/Work/AppDev/ekklesienter/node_modules/@vitest/runner/dist/index.js:1243:20\n    at new Promise (<anonymous>)\n    at runWithTimeout (file:///Users/borissmiyan/Work/AppDev/ekklesienter/node_modules/@vitest/runner/dist/index.js:1209:10)\n    at file:///Users/borissmiyan/Work/AppDev/ekklesienter/node_modules/@vitest/runner/dist/index.js:1653:37\n    at Traces.$ (file:///Users/borissmiyan/Work/AppDev/ekklesienter/node_modules/vitest/dist/chunks/traces.CCmnQaNT.js:142:27)\n    at trace (file:///Users/borissmiyan/Work/AppDev/ekklesienter/node_modules/vitest/dist/chunks/test.B8ej_ZHS.js:239:21)\n    at runTest (file:///Users/borissmiyan/Work/AppDev/ekklesienter/node_modules/@vitest/runner/dist/index.js:1653:12)"],"meta":{}}],"startTime":1778986944348,"endTime":1778986944352.9846,"status":"failed","message":"","name":"/Users/borissmiyan/Work/AppDev/ekklesienter/src/core/services/liveSyncService.test.ts"},{"assertionResults":[{"ancestorTitles":["mediaUrlRewriter utility"],"fullName":"mediaUrlRewriter utility should rewrite relative media paths safely","status":"failed","title":"should rewrite relative media paths safely","duration":8.733417000000145,"failureMessages":["TypeError: (0 , __vite_ssr_import_1__.rewriteMediaUrl) is not a function\n    at /Users/borissmiyan/Work/AppDev/ekklesienter/src/remote/utils/mediaUrlRewriter.test.ts:6:16\n    at file:///Users/borissmiyan/Work/AppDev/ekklesienter/node_modules/@vitest/runner/dist/index.js:145:11\n    at file:///Users/borissmiyan/Work/AppDev/ekklesienter/node_modules/@vitest/runner/dist/index.js:915:26\n    at file:///Users/borissmiyan/Work/AppDev/ekklesienter/node_modules/@vitest/runner/dist/index.js:1243:20\n    at new Promise (<anonymous>)\n    at runWithTimeout (file:///Users/borissmiyan/Work/AppDev/ekklesienter/node_modules/@vitest/runner/dist/index.js:1209:10)\n    at file:///Users/borissmiyan/Work/AppDev/ekklesienter/node_modules/@vitest/runner/dist/index.js:1653:37\n    at Traces.$ (file:///Users/borissmiyan/Work/AppDev/ekklesienter/node_modules/vitest/dist/chunks/traces.CCmnQaNT.js:142:27)\n    at trace (file:///Users/borissmiyan/Work/AppDev/ekklesienter/node_modules/vitest/dist/chunks/test.B8ej_ZHS.js:239:21)\n    at runTest (file:///Users/borissmiyan/Work/AppDev/ekklesienter/node_modules/@vitest/runner/dist/index.js:1653:12)"],"meta":{}}],"startTime":1778986942033,"endTime":1778986942041.7334,"status":"failed","message":"","name":"/Users/borissmiyan/Work/AppDev/ekklesienter/src/remote/utils/mediaUrlRewriter.test.ts"},{"assertionResults":[{"ancestorTitles":["useBibleSelection custom hooks"],"fullName":"useBibleSelection custom hooks should retain selected verses maps","status":"passed","title":"should retain selected verses maps","duration":25.086291999999958,"failureMessages":[],"meta":{}}],"startTime":1778986950059,"endTime":1778986950084.0862,"status":"passed","message":"","name":"/Users/borissmiyan/Work/AppDev/ekklesienter/src/features/presenter/hooks/useBibleSelection.test.ts"},{"assertionResults":[{"ancestorTitles":["useMediaPoolData custom hook"],"fullName":"useMediaPoolData custom hook should fetch media pool libraries lists","status":"passed","title":"should fetch media pool libraries lists","duration":17.557542000000012,"failureMessages":[],"meta":{}}],"startTime":1778986949676,"endTime":1778986949693.5576,"status":"passed","message":"","name":"/Users/borissmiyan/Work/AppDev/ekklesienter/src/features/presenter/hooks/useMediaPoolData.test.ts"},{"assertionResults":[{"ancestorTitles":["useMetadata presentation inspector"],"fullName":"useMetadata presentation inspector should inspect meta attributes lists","status":"passed","title":"should inspect meta attributes lists","duration":48.385208999999804,"failureMessages":[],"meta":{}}],"startTime":1778986947461,"endTime":1778986947509.3853,"status":"passed","message":"","name":"/Users/borissmiyan/Work/AppDev/ekklesienter/src/features/presenter/hooks/useMetadata.test.ts"},{"assertionResults":[{"ancestorTitles":["useSlideDisplayData formatting custom hook"],"fullName":"useSlideDisplayData formatting custom hook should load slide details","status":"passed","title":"should load slide details","duration":27.750082999999904,"failureMessages":[],"meta":{}}],"startTime":1778986950357,"endTime":1778986950384.75,"status":"passed","message":"","name":"/Users/borissmiyan/Work/AppDev/ekklesienter/src/features/presenter/hooks/useSlideDisplayData.test.ts"},{"assertionResults":[{"ancestorTitles":["useSlideTransitionManager transition slice"],"fullName":"useSlideTransitionManager transition slice should execute slide transition cycles","status":"passed","title":"should execute slide transition cycles","duration":123.56654200000003,"failureMessages":[],"meta":{}}],"startTime":1778986949509,"endTime":1778986949632.5667,"status":"passed","message":"","name":"/Users/borissmiyan/Work/AppDev/ekklesienter/src/features/presenter/hooks/useSlideTransitionManager.test.ts"},{"assertionResults":[{"ancestorTitles":["useTemplatePickerActions template controllers"],"fullName":"useTemplatePickerActions template controllers should resolve template modifications handlers","status":"failed","title":"should resolve template modifications handlers","duration":84.24049999999988,"failureMessages":["TypeError: Cannot destructure property 'isDev' of 'undefined' as it is undefined.\n    at useTemplatePickerActions (/Users/borissmiyan/Work/AppDev/ekklesienter/src/features/presenter/hooks/useTemplatePickerActions.ts:43:3)\n    at /Users/borissmiyan/Work/AppDev/ekklesienter/src/features/presenter/hooks/useTemplatePickerActions.test.ts:7:45\n    at TestComponent (/Users/borissmiyan/Work/AppDev/ekklesienter/node_modules/@testing-library/react/dist/pure.js:330:27)\n    at Object.react_stack_bottom_frame (/Users/borissmiyan/Work/AppDev/ekklesienter/node_modules/react-dom/cjs/react-dom-client.development.js:25904:20)\n    at renderWithHooks (/Users/borissmiyan/Work/AppDev/ekklesienter/node_modules/react-dom/cjs/react-dom-client.development.js:7662:22)\n    at updateFunctionComponent (/Users/borissmiyan/Work/AppDev/ekklesienter/node_modules/react-dom/cjs/react-dom-client.development.js:10166:19)\n    at beginWork (/Users/borissmiyan/Work/AppDev/ekklesienter/node_modules/react-dom/cjs/react-dom-client.development.js:11778:18)\n    at runWithFiberInDEV (/Users/borissmiyan/Work/AppDev/ekklesienter/node_modules/react-dom/cjs/react-dom-client.development.js:874:13)\n    at performUnitOfWork (/Users/borissmiyan/Work/AppDev/ekklesienter/node_modules/react-dom/cjs/react-dom-client.development.js:17641:22)\n    at workLoopSync (/Users/borissmiyan/Work/AppDev/ekklesienter/node_modules/react-dom/cjs/react-dom-client.development.js:17469:41)"],"meta":{}}],"startTime":1778986939505,"endTime":1778986939589.2405,"status":"failed","message":"","name":"/Users/borissmiyan/Work/AppDev/ekklesienter/src/features/presenter/hooks/useTemplatePickerActions.test.ts"},{"assertionResults":[{"ancestorTitles":["useTemplatePickerData custom hooks"],"fullName":"useTemplatePickerData custom hooks should query system-defined presentation designs list","status":"passed","title":"should query system-defined presentation designs list","duration":107.51724999999988,"failureMessages":[],"meta":{}}],"startTime":1778986949784,"endTime":1778986949891.5173,"status":"passed","message":"","name":"/Users/borissmiyan/Work/AppDev/ekklesienter/src/features/presenter/hooks/useTemplatePickerData.test.ts"},{"assertionResults":[{"ancestorTitles":["useTextFit text bounding constraints"],"fullName":"useTextFit text bounding constraints should calculate fit configurations","status":"failed","title":"should calculate fit configurations","duration":24.390916999999718,"failureMessages":["AssertionError: expected undefined to be defined\n    at /Users/borissmiyan/Work/AppDev/ekklesienter/src/features/presenter/hooks/useTextFit.test.ts:8:32\n    at file:///Users/borissmiyan/Work/AppDev/ekklesienter/node_modules/@vitest/runner/dist/index.js:145:11\n    at file:///Users/borissmiyan/Work/AppDev/ekklesienter/node_modules/@vitest/runner/dist/index.js:915:26\n    at file:///Users/borissmiyan/Work/AppDev/ekklesienter/node_modules/@vitest/runner/dist/index.js:1243:20\n    at new Promise (<anonymous>)\n    at runWithTimeout (file:///Users/borissmiyan/Work/AppDev/ekklesienter/node_modules/@vitest/runner/dist/index.js:1209:10)\n    at file:///Users/borissmiyan/Work/AppDev/ekklesienter/node_modules/@vitest/runner/dist/index.js:1653:37\n    at Traces.$ (file:///Users/borissmiyan/Work/AppDev/ekklesienter/node_modules/vitest/dist/chunks/traces.CCmnQaNT.js:142:27)\n    at trace (file:///Users/borissmiyan/Work/AppDev/ekklesienter/node_modules/vitest/dist/chunks/test.B8ej_ZHS.js:239:21)\n    at runTest (file:///Users/borissmiyan/Work/AppDev/ekklesienter/node_modules/@vitest/runner/dist/index.js:1653:12)"],"meta":{}}],"startTime":1778986937443,"endTime":1778986937467.3909,"status":"failed","message":"","name":"/Users/borissmiyan/Work/AppDev/ekklesienter/src/features/presenter/hooks/useTextFit.test.ts"},{"assertionResults":[{"ancestorTitles":["usePresentationStore"],"fullName":"usePresentationStore should have initial state","status":"passed","title":"should have initial state","duration":4.816332999999759,"failureMessages":[],"meta":{}},{"ancestorTitles":["usePresentationStore"],"fullName":"usePresentationStore setActiveService should load service and master presentation","status":"passed","title":"setActiveService should load service and master presentation","duration":4.061667000000398,"failureMessages":[],"meta":{}},{"ancestorTitles":["usePresentationStore"],"fullName":"usePresentationStore setPreviewSlide should update previewSlideId","status":"passed","title":"setPreviewSlide should update previewSlideId","duration":0.8837909999997464,"failureMessages":[],"meta":{}},{"ancestorTitles":["usePresentationStore"],"fullName":"usePresentationStore toggleSlideSelection should handle multi-selection","status":"passed","title":"toggleSlideSelection should handle multi-selection","duration":0.9926250000003165,"failureMessages":[],"meta":{}},{"ancestorTitles":["usePresentationStore"],"fullName":"usePresentationStore navigateNext with preferLiveAnchor should advance live slide independently","status":"passed","title":"navigateNext with preferLiveAnchor should advance live slide independently","duration":1.7619580000000497,"failureMessages":[],"meta":{}},{"ancestorTitles":["usePresentationStore"],"fullName":"usePresentationStore navigateNext with preferLiveAnchor should advance both if synced","status":"passed","title":"navigateNext with preferLiveAnchor should advance both if synced","duration":1.4916659999998956,"failureMessages":[],"meta":{}},{"ancestorTitles":["usePresentationStore"],"fullName":"usePresentationStore clearSelection should clear selectedSlideIds","status":"passed","title":"clearSelection should clear selectedSlideIds","duration":0.4833330000001297,"failureMessages":[],"meta":{}}],"startTime":1778986952098,"endTime":1778986952112.4917,"status":"passed","message":"","name":"/Users/borissmiyan/Work/AppDev/ekklesienter/src/features/presenter/store/presentationStore.test.ts"},{"assertionResults":[{"ancestorTitles":["applyBlockStyle"],"fullName":"applyBlockStyle should inject correct styles to block layout properties","status":"failed","title":"should inject correct styles to block layout properties","duration":10.663958000000093,"failureMessages":["TypeError: (0 , __vite_ssr_import_1__.applyStyleToBlock) is not a function\n    at /Users/borissmiyan/Work/AppDev/ekklesienter/src/features/presenter/utils/applyBlockStyle.test.ts:7:25\n    at file:///Users/borissmiyan/Work/AppDev/ekklesienter/node_modules/@vitest/runner/dist/index.js:145:11\n    at file:///Users/borissmiyan/Work/AppDev/ekklesienter/node_modules/@vitest/runner/dist/index.js:915:26\n    at file:///Users/borissmiyan/Work/AppDev/ekklesienter/node_modules/@vitest/runner/dist/index.js:1243:20\n    at new Promise (<anonymous>)\n    at runWithTimeout (file:///Users/borissmiyan/Work/AppDev/ekklesienter/node_modules/@vitest/runner/dist/index.js:1209:10)\n    at file:///Users/borissmiyan/Work/AppDev/ekklesienter/node_modules/@vitest/runner/dist/index.js:1653:37\n    at Traces.$ (file:///Users/borissmiyan/Work/AppDev/ekklesienter/node_modules/vitest/dist/chunks/traces.CCmnQaNT.js:142:27)\n    at trace (file:///Users/borissmiyan/Work/AppDev/ekklesienter/node_modules/vitest/dist/chunks/test.B8ej_ZHS.js:239:21)\n    at runTest (file:///Users/borissmiyan/Work/AppDev/ekklesienter/node_modules/@vitest/runner/dist/index.js:1653:12)"],"meta":{}}],"startTime":1778986942330,"endTime":1778986942340.664,"status":"failed","message":"","name":"/Users/borissmiyan/Work/AppDev/ekklesienter/src/features/presenter/utils/applyBlockStyle.test.ts"},{"assertionResults":[{"ancestorTitles":["normalizeContentEditableHtml utility"],"fullName":"normalizeContentEditableHtml utility should normalize content editable line endings and spaces","status":"failed","title":"should normalize content editable line endings and spaces","duration":15.971500000000106,"failureMessages":["AssertionError: expected 'hello&nbsp;world' to be 'hello world' // Object.is equality\n    at /Users/borissmiyan/Work/AppDev/ekklesienter/src/features/presenter/utils/normalizeContentEditableHtml.test.ts:6:51\n    at file:///Users/borissmiyan/Work/AppDev/ekklesienter/node_modules/@vitest/runner/dist/index.js:145:11\n    at file:///Users/borissmiyan/Work/AppDev/ekklesienter/node_modules/@vitest/runner/dist/index.js:915:26\n    at file:///Users/borissmiyan/Work/AppDev/ekklesienter/node_modules/@vitest/runner/dist/index.js:1243:20\n    at new Promise (<anonymous>)\n    at runWithTimeout (file:///Users/borissmiyan/Work/AppDev/ekklesienter/node_modules/@vitest/runner/dist/index.js:1209:10)\n    at file:///Users/borissmiyan/Work/AppDev/ekklesienter/node_modules/@vitest/runner/dist/index.js:1653:37\n    at Traces.$ (file:///Users/borissmiyan/Work/AppDev/ekklesienter/node_modules/vitest/dist/chunks/traces.CCmnQaNT.js:142:27)\n    at trace (file:///Users/borissmiyan/Work/AppDev/ekklesienter/node_modules/vitest/dist/chunks/test.B8ej_ZHS.js:239:21)\n    at runTest (file:///Users/borissmiyan/Work/AppDev/ekklesienter/node_modules/@vitest/runner/dist/index.js:1653:12)"],"meta":{}}],"startTime":1778986937243,"endTime":1778986937258.9714,"status":"failed","message":"","name":"/Users/borissmiyan/Work/AppDev/ekklesienter/src/features/presenter/utils/normalizeContentEditableHtml.test.ts"},{"assertionResults":[{"ancestorTitles":["styleExtraction helper"],"fullName":"styleExtraction helper should extract font style objects from tag headers","status":"failed","title":"should extract font style objects from tag headers","duration":4.412708000000066,"failureMessages":["TypeError: (0 , __vite_ssr_import_1__.extractStylesFromHtml) is not a function\n    at /Users/borissmiyan/Work/AppDev/ekklesienter/src/features/presenter/utils/styleExtraction.test.ts:6:24\n    at file:///Users/borissmiyan/Work/AppDev/ekklesienter/node_modules/@vitest/runner/dist/index.js:145:11\n    at file:///Users/borissmiyan/Work/AppDev/ekklesienter/node_modules/@vitest/runner/dist/index.js:915:26\n    at file:///Users/borissmiyan/Work/AppDev/ekklesienter/node_modules/@vitest/runner/dist/index.js:1243:20\n    at new Promise (<anonymous>)\n    at runWithTimeout (file:///Users/borissmiyan/Work/AppDev/ekklesienter/node_modules/@vitest/runner/dist/index.js:1209:10)\n    at file:///Users/borissmiyan/Work/AppDev/ekklesienter/node_modules/@vitest/runner/dist/index.js:1653:37\n    at Traces.$ (file:///Users/borissmiyan/Work/AppDev/ekklesienter/node_modules/vitest/dist/chunks/traces.CCmnQaNT.js:142:27)\n    at trace (file:///Users/borissmiyan/Work/AppDev/ekklesienter/node_modules/vitest/dist/chunks/test.B8ej_ZHS.js:239:21)\n    at runTest (file:///Users/borissmiyan/Work/AppDev/ekklesienter/node_modules/@vitest/runner/dist/index.js:1653:12)"],"meta":{}}],"startTime":1778986945350,"endTime":1778986945354.4126,"status":"failed","message":"","name":"/Users/borissmiyan/Work/AppDev/ekklesienter/src/features/presenter/utils/styleExtraction.test.ts"},{"assertionResults":[{"ancestorTitles":["timelineUtils helpers"],"fullName":"timelineUtils helpers should compute absolute index orders","status":"failed","title":"should compute absolute index orders","duration":3.7643329999998514,"failureMessages":["TypeError: (0 , __vite_ssr_import_1__.getTimelineItemOrder) is not a function\n    at /Users/borissmiyan/Work/AppDev/ekklesienter/src/features/presenter/utils/timelineUtils.test.ts:6:23\n    at file:///Users/borissmiyan/Work/AppDev/ekklesienter/node_modules/@vitest/runner/dist/index.js:145:11\n    at file:///Users/borissmiyan/Work/AppDev/ekklesienter/node_modules/@vitest/runner/dist/index.js:915:26\n    at file:///Users/borissmiyan/Work/AppDev/ekklesienter/node_modules/@vitest/runner/dist/index.js:1243:20\n    at new Promise (<anonymous>)\n    at runWithTimeout (file:///Users/borissmiyan/Work/AppDev/ekklesienter/node_modules/@vitest/runner/dist/index.js:1209:10)\n    at file:///Users/borissmiyan/Work/AppDev/ekklesienter/node_modules/@vitest/runner/dist/index.js:1653:37\n    at Traces.$ (file:///Users/borissmiyan/Work/AppDev/ekklesienter/node_modules/vitest/dist/chunks/traces.CCmnQaNT.js:142:27)\n    at trace (file:///Users/borissmiyan/Work/AppDev/ekklesienter/node_modules/vitest/dist/chunks/test.B8ej_ZHS.js:239:21)\n    at runTest (file:///Users/borissmiyan/Work/AppDev/ekklesienter/node_modules/@vitest/runner/dist/index.js:1653:12)"],"meta":{}}],"startTime":1778986945404,"endTime":1778986945407.7644,"status":"failed","message":"","name":"/Users/borissmiyan/Work/AppDev/ekklesienter/src/features/presenter/utils/timelineUtils.test.ts"},{"assertionResults":[{"ancestorTitles":["CanvasService","calculatePivotTransformation"],"fullName":"CanvasService calculatePivotTransformation should adjust position correctly when shifting pivot without rotation","status":"passed","title":"should adjust position correctly when shifting pivot without rotation","duration":1.4705830000000333,"failureMessages":[],"meta":{}},{"ancestorTitles":["CanvasService","calculatePivotTransformation"],"fullName":"CanvasService calculatePivotTransformation should handle rotation in pivot transformations","status":"passed","title":"should handle rotation in pivot transformations","duration":0.23212499999999636,"failureMessages":[],"meta":{}},{"ancestorTitles":["CanvasService","calculateDimensionScale"],"fullName":"CanvasService calculateDimensionScale should scale the other dimension when aspect ratio is locked","status":"passed","title":"should scale the other dimension when aspect ratio is locked","duration":0.15866700000015044,"failureMessages":[],"meta":{}},{"ancestorTitles":["CanvasService","calculateDimensionScale"],"fullName":"CanvasService calculateDimensionScale should not scale the other dimension when aspect ratio is unlocked","status":"passed","title":"should not scale the other dimension when aspect ratio is unlocked","duration":0.48225000000002183,"failureMessages":[],"meta":{}},{"ancestorTitles":["CanvasService","getSelectionState"],"fullName":"CanvasService getSelectionState should return the common value if all items match","status":"passed","title":"should return the common value if all items match","duration":0.2908749999999145,"failureMessages":[],"meta":{}},{"ancestorTitles":["CanvasService","getSelectionState"],"fullName":"CanvasService getSelectionState should return \"mixed\" if values differ","status":"passed","title":"should return \"mixed\" if values differ","duration":0.1845419999999649,"failureMessages":[],"meta":{}},{"ancestorTitles":["CanvasService","getSelectionState"],"fullName":"CanvasService getSelectionState should return the single value if only one item is selected","status":"passed","title":"should return the single value if only one item is selected","duration":0.16358400000012807,"failureMessages":[],"meta":{}}],"startTime":1778986951935,"endTime":1778986951939.1636,"status":"passed","message":"","name":"/Users/borissmiyan/Work/AppDev/ekklesienter/src/features/presenter/services/CanvasService.test.ts"},{"assertionResults":[{"ancestorTitles":["GraceLibExportService"],"fullName":"GraceLibExportService should construct secure lib manifests","status":"failed","title":"should construct secure lib manifests","duration":3.150583000000097,"failureMessages":["TypeError: Cannot read properties of undefined (reading 'exportLibrary')\n    at /Users/borissmiyan/Work/AppDev/ekklesienter/src/features/presenter/services/GraceLibExportService.test.ts:6:38\n    at file:///Users/borissmiyan/Work/AppDev/ekklesienter/node_modules/@vitest/runner/dist/index.js:145:11\n    at file:///Users/borissmiyan/Work/AppDev/ekklesienter/node_modules/@vitest/runner/dist/index.js:915:26\n    at file:///Users/borissmiyan/Work/AppDev/ekklesienter/node_modules/@vitest/runner/dist/index.js:1243:20\n    at new Promise (<anonymous>)\n    at runWithTimeout (file:///Users/borissmiyan/Work/AppDev/ekklesienter/node_modules/@vitest/runner/dist/index.js:1209:10)\n    at file:///Users/borissmiyan/Work/AppDev/ekklesienter/node_modules/@vitest/runner/dist/index.js:1653:37\n    at Traces.$ (file:///Users/borissmiyan/Work/AppDev/ekklesienter/node_modules/vitest/dist/chunks/traces.CCmnQaNT.js:142:27)\n    at trace (file:///Users/borissmiyan/Work/AppDev/ekklesienter/node_modules/vitest/dist/chunks/test.B8ej_ZHS.js:239:21)\n    at runTest (file:///Users/borissmiyan/Work/AppDev/ekklesienter/node_modules/@vitest/runner/dist/index.js:1653:12)"],"meta":{}}],"startTime":1778986945452,"endTime":1778986945455.1506,"status":"failed","message":"","name":"/Users/borissmiyan/Work/AppDev/ekklesienter/src/features/presenter/services/GraceLibExportService.test.ts"},{"assertionResults":[{"ancestorTitles":["MediaPersistenceService","importMediaBlob"],"fullName":"MediaPersistenceService importMediaBlob should deduplicate based on hash and return existing ID","status":"passed","title":"should deduplicate based on hash and return existing ID","duration":10.219667000000072,"failureMessages":[],"meta":{}},{"ancestorTitles":["MediaPersistenceService","importMediaBlob"],"fullName":"MediaPersistenceService importMediaBlob should update binId if moving to a different bin","status":"passed","title":"should update binId if moving to a different bin","duration":1.140916999999945,"failureMessages":[],"meta":{}},{"ancestorTitles":["MediaPersistenceService","ensureMediaInDb"],"fullName":"MediaPersistenceService ensureMediaInDb should cleanup placeholder UUID when importing from path","status":"passed","title":"should cleanup placeholder UUID when importing from path","duration":1.4562080000000606,"failureMessages":[],"meta":{}}],"startTime":1778986951598,"endTime":1778986951612.4563,"status":"passed","message":"","name":"/Users/borissmiyan/Work/AppDev/ekklesienter/src/features/presenter/services/MediaPersistenceService.test.ts"},{"assertionResults":[{"ancestorTitles":["ThumbnailService"],"fullName":"ThumbnailService should define generate thumbnail helpers","status":"failed","title":"should define generate thumbnail helpers","duration":6.523458000000119,"failureMessages":["TypeError: Cannot read properties of undefined (reading 'generateThumbnail')\n    at /Users/borissmiyan/Work/AppDev/ekklesienter/src/features/presenter/services/ThumbnailService.test.ts:6:33\n    at file:///Users/borissmiyan/Work/AppDev/ekklesienter/node_modules/@vitest/runner/dist/index.js:145:11\n    at file:///Users/borissmiyan/Work/AppDev/ekklesienter/node_modules/@vitest/runner/dist/index.js:915:26\n    at file:///Users/borissmiyan/Work/AppDev/ekklesienter/node_modules/@vitest/runner/dist/index.js:1243:20\n    at new Promise (<anonymous>)\n    at runWithTimeout (file:///Users/borissmiyan/Work/AppDev/ekklesienter/node_modules/@vitest/runner/dist/index.js:1209:10)\n    at file:///Users/borissmiyan/Work/AppDev/ekklesienter/node_modules/@vitest/runner/dist/index.js:1653:37\n    at Traces.$ (file:///Users/borissmiyan/Work/AppDev/ekklesienter/node_modules/vitest/dist/chunks/traces.CCmnQaNT.js:142:27)\n    at trace (file:///Users/borissmiyan/Work/AppDev/ekklesienter/node_modules/vitest/dist/chunks/test.B8ej_ZHS.js:239:21)\n    at runTest (file:///Users/borissmiyan/Work/AppDev/ekklesienter/node_modules/@vitest/runner/dist/index.js:1653:12)"],"meta":{}}],"startTime":1778986944175,"endTime":1778986944181.5234,"status":"failed","message":"","name":"/Users/borissmiyan/Work/AppDev/ekklesienter/src/features/presenter/services/ThumbnailService.test.ts"},{"assertionResults":[{"ancestorTitles":["EktService","pack"],"fullName":"EktService pack should pack a service into a zip blob","status":"passed","title":"should pack a service into a zip blob","duration":4.6997919999998885,"failureMessages":[],"meta":{}},{"ancestorTitles":["EktService","pack"],"fullName":"EktService pack should throw error if service not found","status":"passed","title":"should throw error if service not found","duration":1.870082999999795,"failureMessages":[],"meta":{}},{"ancestorTitles":["EktService","prepareImport"],"fullName":"EktService prepareImport should prepare import for a valid .ekt zip","status":"passed","title":"should prepare import for a valid .ekt zip","duration":2.8654589999998734,"failureMessages":[],"meta":{}},{"ancestorTitles":["EktService","prepareImport"],"fullName":"EktService prepareImport should throw error for invalid zip","status":"passed","title":"should throw error for invalid zip","duration":1.1712499999998727,"failureMessages":[],"meta":{}}],"startTime":1778986950529,"endTime":1778986950539.1711,"status":"passed","message":"","name":"/Users/borissmiyan/Work/AppDev/ekklesienter/src/features/presenter/services/ektService.test.ts"},{"assertionResults":[{"ancestorTitles":["EktmpService","pack"],"fullName":"EktmpService pack should pack a template into a .ektmp blob","status":"passed","title":"should pack a template into a .ektmp blob","duration":6.5275420000000395,"failureMessages":[],"meta":{}},{"ancestorTitles":["EktmpService","unpack"],"fullName":"EktmpService unpack should unpack .ektmp file correctly","status":"passed","title":"should unpack .ektmp file correctly","duration":4.342000000000098,"failureMessages":[],"meta":{}}],"startTime":1778986951658,"endTime":1778986951669.342,"status":"passed","message":"","name":"/Users/borissmiyan/Work/AppDev/ekklesienter/src/features/presenter/services/ektmpService.test.ts"},{"assertionResults":[{"ancestorTitles":["EktpService","collectMediaRefs"],"fullName":"EktpService collectMediaRefs should collect media IDs from slides","status":"passed","title":"should collect media IDs from slides","duration":2.297207999999955,"failureMessages":[],"meta":{}},{"ancestorTitles":["EktpService","patchMediaIds"],"fullName":"EktpService patchMediaIds should set isFromDb flag when patching media IDs","status":"passed","title":"should set isFromDb flag when patching media IDs","duration":0.689542000000074,"failureMessages":[],"meta":{}},{"ancestorTitles":["EktpService","patchMediaIds"],"fullName":"EktpService patchMediaIds should hydrate missing media IDs from URLs when patching","status":"passed","title":"should hydrate missing media IDs from URLs when patching","duration":0.2542089999999462,"failureMessages":[],"meta":{}},{"ancestorTitles":["EktpService","pack"],"fullName":"EktpService pack should pack presentation and media into zip","status":"passed","title":"should pack presentation and media into zip","duration":3.8735830000000533,"failureMessages":[],"meta":{}},{"ancestorTitles":["EktpService","unpack"],"fullName":"EktpService unpack should unpack .ektp file correctly","status":"passed","title":"should unpack .ektp file correctly","duration":8.716791999999941,"failureMessages":[],"meta":{}}],"startTime":1778986950181,"endTime":1778986950197.7168,"status":"passed","message":"","name":"/Users/borissmiyan/Work/AppDev/ekklesienter/src/features/presenter/services/ektpService.test.ts"},{"assertionResults":[{"ancestorTitles":["mediaPackingUtils helpers"],"fullName":"mediaPackingUtils helpers should output safe, standardized zip names","status":"failed","title":"should output safe, standardized zip names","duration":3.5714580000001206,"failureMessages":["TypeError: (0 , __vite_ssr_import_1__.createZipArchiveName) is not a function\n    at /Users/borissmiyan/Work/AppDev/ekklesienter/src/features/presenter/services/mediaPackingUtils.test.ts:6:16\n    at file:///Users/borissmiyan/Work/AppDev/ekklesienter/node_modules/@vitest/runner/dist/index.js:145:11\n    at file:///Users/borissmiyan/Work/AppDev/ekklesienter/node_modules/@vitest/runner/dist/index.js:915:26\n    at file:///Users/borissmiyan/Work/AppDev/ekklesienter/node_modules/@vitest/runner/dist/index.js:1243:20\n    at new Promise (<anonymous>)\n    at runWithTimeout (file:///Users/borissmiyan/Work/AppDev/ekklesienter/node_modules/@vitest/runner/dist/index.js:1209:10)\n    at file:///Users/borissmiyan/Work/AppDev/ekklesienter/node_modules/@vitest/runner/dist/index.js:1653:37\n    at Traces.$ (file:///Users/borissmiyan/Work/AppDev/ekklesienter/node_modules/vitest/dist/chunks/traces.CCmnQaNT.js:142:27)\n    at trace (file:///Users/borissmiyan/Work/AppDev/ekklesienter/node_modules/vitest/dist/chunks/test.B8ej_ZHS.js:239:21)\n    at runTest (file:///Users/borissmiyan/Work/AppDev/ekklesienter/node_modules/@vitest/runner/dist/index.js:1653:12)"],"meta":{}}],"startTime":1778986945457,"endTime":1778986945460.5715,"status":"failed","message":"","name":"/Users/borissmiyan/Work/AppDev/ekklesienter/src/features/presenter/services/mediaPackingUtils.test.ts"},{"assertionResults":[{"ancestorTitles":["BibleNavigationService navigation logic"],"fullName":"BibleNavigationService navigation logic should resolve targeted scriptures references","status":"failed","title":"should resolve targeted scriptures references","duration":4.395416999999952,"failureMessages":["TypeError: Cannot read properties of undefined (reading 'resolveReference')\n    at /Users/borissmiyan/Work/AppDev/ekklesienter/src/features/bible-browser/services/BibleNavigationService.test.ts:16:50\n    at file:///Users/borissmiyan/Work/AppDev/ekklesienter/node_modules/@vitest/runner/dist/index.js:145:11\n    at file:///Users/borissmiyan/Work/AppDev/ekklesienter/node_modules/@vitest/runner/dist/index.js:915:26\n    at file:///Users/borissmiyan/Work/AppDev/ekklesienter/node_modules/@vitest/runner/dist/index.js:1243:20\n    at new Promise (<anonymous>)\n    at runWithTimeout (file:///Users/borissmiyan/Work/AppDev/ekklesienter/node_modules/@vitest/runner/dist/index.js:1209:10)\n    at file:///Users/borissmiyan/Work/AppDev/ekklesienter/node_modules/@vitest/runner/dist/index.js:1653:37\n    at Traces.$ (file:///Users/borissmiyan/Work/AppDev/ekklesienter/node_modules/vitest/dist/chunks/traces.CCmnQaNT.js:142:27)\n    at trace (file:///Users/borissmiyan/Work/AppDev/ekklesienter/node_modules/vitest/dist/chunks/test.B8ej_ZHS.js:239:21)\n    at runTest (file:///Users/borissmiyan/Work/AppDev/ekklesienter/node_modules/@vitest/runner/dist/index.js:1653:12)"],"meta":{}}],"startTime":1778986943877,"endTime":1778986943881.3955,"status":"failed","message
[...]
stone-200 focus:outline-none focus:border-accent/40 transition-all placeholder:text-stone-700\"\u001b[39m\n            \u001b[33mplaceholder\u001b[39m=\u001b[32m\"search_services\"\u001b[39m\n            \u001b[33mtype\u001b[39m=\u001b[32m\"text\"\u001b[39m\n            \u001b[33mvalue\u001b[39m=\u001b[32m\"\"\u001b[39m\n          \u001b[36m/>\u001b[39m\n        \u001b[36m</div>\u001b[39m\n      \u001b[36m</div>\u001b[39m\n      \u001b[36m<div\u001b[39m\n        \u001b[33mclass\u001b[39m=\u001b[32m\"flex-1 overflow-y-auto p-1.5 space-y-0.5 no-scrollbar min-h-0\"\u001b[39m\n      \u001b[36m>\u001b[39m\n        \u001b[36m<div\u001b[39m\n          \u001b[33mclass\u001b[39m=\u001b[32m\"py-8 flex flex-col items-center justify-center gap-2 opacity-30\"\u001b[39m\n        \u001b[36m>\u001b[39m\n          \u001b[36m<svg\u001b[39m\n            \u001b[33maria-hidden\u001b[39m=\u001b[32m\"true\"\u001b[39m\n            \u001b[33mclass\u001b[39m=\u001b[32m\"lucide lucide-layers w-8 h-8 text-stone-500\"\u001b[39m\n            \u001b[33mfill\u001b[39m=\u001b[32m\"none\"\u001b[39m\n            \u001b[33mheight\u001b[39m=\u001b[32m\"24\"\u001b[39m\n            \u001b[33mstroke\u001b[39m=\u001b[32m\"currentColor\"\u001b[39m\n            \u001b[33mstroke-linecap\u001b[39m=\u001b[32m\"round\"\u001b[39m\n            \u001b[33mstroke-linejoin\u001b[39m=\u001b[32m\"round\"\u001b[39m\n            \u001b[33mstroke-width\u001b[39m=\u001b[32m\"2\"\u001b[39m\n            \u001b[33mviewBox\u001b[39m=\u001b[32m\"0 0 24 24\"\u001b[39m\n            \u001b[33mwidth\u001b[39m=\u001b[32m\"24\"\u001b[39m\n            \u001b[33mxmlns\u001b[39m=\u001b[32m\"http://www.w3.org/2000/svg\"\u001b[39m\n          \u001b[36m>\u001b[39m\n            \u001b[36m<path\u001b[39m\n              \u001b[33md\u001b[39m=\u001b[32m\"M12.83 2.18a2 2 0 0 0-1.66 0L2.6 6.08a1 1 0 0 0 0 1.83l8.58 3.91a2 2 0 0 0 1.66 0l8.58-3.9a1 1 0 0 0 0-1.83z\"\u001b[39m\n            \u001b[36m/>\u001b[39m\n            \u001b[36m<path\u001b[39m\n              \u001b[33md\u001b[39m=\u001b[32m\"M2 12a1 1 0 0 0 .58.91l8.6 3.91a2 2 0 0 0 1.65 0l8.58-3.9A1 1 0 0 0 22 12\"\u001b[39m\n            \u001b[36m/>\u001b[39m\n            \u001b[36m<path\u001b[39m\n              \u001b[33md\u001b[39m=\u001b[32m\"M2 17a1 1 0 0 0 .58.91l8.6 3.91a2 2 0 0 0 1.65 0l8.58-3.9A1 1 0 0 0 22 17\"\u001b[39m\n            \u001b[36m/>\u001b[39m\n          \u001b[36m</svg>\u001b[39m\n          \u001b[36m<p\u001b[39m\n            \u001b[33mclass\u001b[39m=\u001b[32m\"text-[10px] font-bold uppercase tracking-widest\"\u001b[39m\n          \u001b[36m>\u001b[39m\n            \u001b[0mno_services\u001b[0m\n          \u001b[36m</p>\u001b[39m\n        \u001b[36m</div>\u001b[39m\n      \u001b[36m</div>\u001b[39m\n      \u001b[36m<div\u001b[39m\n        \u001b[33mclass\u001b[39m=\u001b[32m\"p-2 border-t border-white/5 bg-stone-950/40 shrink-0\"\u001b[39m\n      \u001b[36m>\u001b[39m\n        \u001b[36m<button\u001b[39m\n          \u001b[33mclass\u001b[39m=\u001b[32m\"w-full flex items-center justify-center gap-1.5 py-2 rounded-lg text-[10px] font-black text-stone-500 hover:text-accent uppercase tracking-widest hover:bg-accent/10 transition-all cursor-pointer\"\u001b[39m\n        \u001b[36m>\u001b[39m\n          \u001b[36m<svg\u001b[39m\n            \u001b[33maria-hidden\u001b[39m=\u001b[32m\"true\"\u001b[39m\n            \u001b[33mclass\u001b[39m=\u001b[32m\"lucide lucide-download w-3.5 h-3.5\"\u001b[39m\n            \u001b[33mfill\u001b[39m=\u001b[32m\"none\"\u001b[39m\n            \u001b[33mheight\u001b[39m=\u001b[32m\"24\"\u001b[39m\n            \u001b[33mstroke\u001b[39m=\u001b[32m\"currentColor\"\u001b[39m\n            \u001b[33mstroke-linecap\u001b[39m=\u001b[32m\"round\"\u001b[39m\n            \u001b[33mstroke-linejoin\u001b[39m=\u001b[32m\"round\"\u001b[39m\n            \u001b[33mstroke-width\u001b[39m=\u001b[32m\"2\"\u001b[39m\n            \u001b[33mviewBox\u001b[39m=\u001b[32m\"0 0 24 24\"\u001b[39m\n            \u001b[33mwidth\u001b[39m=\u001b[32m\"24\"\u001b[39m\n            \u001b[33mxmlns\u001b[39m=\u001b[32m\"http://www.w3.org/2000/svg\"\u001b[39m\n          \u001b[36m>\u001b[39m\n            \u001b[36m<path\u001b[39m\n              \u001b[33md\u001b[39m=\u001b[32m\"M12 15V3\"\u001b[39m\n            \u001b[36m/>\u001b[39m\n            \u001b[36m<path\u001b[39m\n              \u001b[33md\u001b[39m=\u001b[32m\"M21 15v4a2 2 0 0 1-2 2H5a2 2 0 0 1-2-2v-4\"\u001b[39m\n            \u001b[36m/>\u001b[39m\n            \u001b[36m<path\u001b[39m\n              \u001b[33md\u001b[39m=\u001b[32m\"m7 10 5 5 5-5\"\u001b[39m\n            \u001b[36m/>\u001b[39m\n          \u001b[36m</svg>\u001b[39m\n          \u001b[0mimport_service\u001b[0m\n        \u001b[36m</button>\u001b[39m\n      \u001b[36m</div>\u001b[39m\n    \u001b[36m</div>\u001b[39m\n  \u001b[36m</div>\u001b[39m\n\u001b[36m</body>\u001b[39m\n    at Object.getElementError (/Users/borissmiyan/Work/AppDev/ekklesienter/node_modules/@testing-library/dom/dist/config.js:37:19)\n    at getElementError (/Users/borissmiyan/Work/AppDev/ekklesienter/node_modules/@testing-library/dom/dist/query-helpers.js:20:35)\n    at getMultipleElementsFoundError (/Users/borissmiyan/Work/AppDev/ekklesienter/node_modules/@testing-library/dom/dist/query-helpers.js:23:10)\n    at /Users/borissmiyan/Work/AppDev/ekklesienter/node_modules/@testing-library/dom/dist/query-helpers.js:55:13\n    at /Users/borissmiyan/Work/AppDev/ekklesienter/node_modules/@testing-library/dom/dist/query-helpers.js:95:19\n    at /Users/borissmiyan/Work/AppDev/ekklesienter/src/features/presenter/components/library/ServicePicker.test.tsx:9:23\n    at file:///Users/borissmiyan/Work/AppDev/ekklesienter/node_modules/@vitest/runner/dist/index.js:145:11\n    at file:///Users/borissmiyan/Work/AppDev/ekklesienter/node_modules/@vitest/runner/dist/index.js:915:26\n    at file:///Users/borissmiyan/Work/AppDev/ekklesienter/node_modules/@vitest/runner/dist/index.js:1243:20\n    at new Promise (<anonymous>)"],"meta":{}}],"startTime":1778986938224,"endTime":1778986938641.2986,"status":"failed","message":"","name":"/Users/borissmiyan/Work/AppDev/ekklesienter/src/features/presenter/components/library/ServicePicker.test.tsx"},{"assertionResults":[{"ancestorTitles":["SlideTimeline"],"fullName":"SlideTimeline should render slides in the timeline","status":"passed","title":"should render slides in the timeline","duration":156.17208299999993,"failureMessages":[],"meta":{}},{"ancestorTitles":["SlideTimeline"],"fullName":"SlideTimeline should select a slide on click","status":"passed","title":"should select a slide on click","duration":91.61049999999977,"failureMessages":[],"meta":{}},{"ancestorTitles":["SlideTimeline"],"fullName":"SlideTimeline should render \"LIVE\" badge for the live slide","status":"passed","title":"should render \"LIVE\" badge for the live slide","duration":51.1205829999999,"failureMessages":[],"meta":{}},{"ancestorTitles":["SlideTimeline"],"fullName":"SlideTimeline should call addPresentationToTimeline when a presentation is dropped from library","status":"passed","title":"should call addPresentationToTimeline when a presentation is dropped from library","duration":77.48987499999976,"failureMessages":[],"meta":{}},{"ancestorTitles":["SlideTimeline"],"fullName":"SlideTimeline should render \"Sync\" badge when nested presentation is out of sync","status":"passed","title":"should render \"Sync\" badge when nested presentation is out of sync","duration":66.503334,"failureMessages":[],"meta":{}}],"startTime":1778986947406,"endTime":1778986947848.5034,"status":"passed","message":"","name":"/Users/borissmiyan/Work/AppDev/ekklesienter/src/features/presenter/components/timeline/SlideTimeline.test.tsx"},{"assertionResults":[{"ancestorTitles":["SmartBadge"],"fullName":"SmartBadge should return null if no duration and no transition","status":"passed","title":"should return null if no duration and no transition","duration":37.90533299999993,"failureMessages":[],"meta":{}},{"ancestorTitles":["SmartBadge"],"fullName":"SmartBadge should render duration badge if duration is set","status":"passed","title":"should render duration badge if duration is set","duration":37.259500000000116,"failureMessages":[],"meta":{}},{"ancestorTitles":["SmartBadge"],"fullName":"SmartBadge should render transition badge if transition type is not none","status":"passed","title":"should render transition badge if transition type is not none","duration":17.81583300000011,"failureMessages":[],"meta":{}},{"ancestorTitles":["SmartBadge"],"fullName":"SmartBadge should render both badges if both are set","status":"passed","title":"should render both badges if both are set","duration":8.727582999999868,"failureMessages":[],"meta":{}}],"startTime":1778986946394,"endTime":1778986946495.7275,"status":"passed","message":"","name":"/Users/borissmiyan/Work/AppDev/ekklesienter/src/features/presenter/components/timeline/SmartBadge.test.tsx"},{"assertionResults":[{"ancestorTitles":["createAudioSlice"],"fullName":"createAudioSlice should initialize default properties","status":"failed","title":"should initialize default properties","duration":6.518625000000156,"failureMessages":["AssertionError: expected undefined to be true // Object.is equality\n    at /Users/borissmiyan/Work/AppDev/ekklesienter/src/features/presenter/store/slices/createAudioSlice.test.ts:9:36\n    at file:///Users/borissmiyan/Work/AppDev/ekklesienter/node_modules/@vitest/runner/dist/index.js:145:11\n    at file:///Users/borissmiyan/Work/AppDev/ekklesienter/node_modules/@vitest/runner/dist/index.js:915:26\n    at file:///Users/borissmiyan/Work/AppDev/ekklesienter/node_modules/@vitest/runner/dist/index.js:1243:20\n    at new Promise (<anonymous>)\n    at runWithTimeout (file:///Users/borissmiyan/Work/AppDev/ekklesienter/node_modules/@vitest/runner/dist/index.js:1209:10)\n    at file:///Users/borissmiyan/Work/AppDev/ekklesienter/node_modules/@vitest/runner/dist/index.js:1653:37\n    at Traces.$ (file:///Users/borissmiyan/Work/AppDev/ekklesienter/node_modules/vitest/dist/chunks/traces.CCmnQaNT.js:142:27)\n    at trace (file:///Users/borissmiyan/Work/AppDev/ekklesienter/node_modules/vitest/dist/chunks/test.B8ej_ZHS.js:239:21)\n    at runTest (file:///Users/borissmiyan/Work/AppDev/ekklesienter/node_modules/@vitest/runner/dist/index.js:1653:12)"],"meta":{}}],"startTime":1778986941947,"endTime":1778986941953.5186,"status":"failed","message":"","name":"/Users/borissmiyan/Work/AppDev/ekklesienter/src/features/presenter/store/slices/createAudioSlice.test.ts"},{"assertionResults":[{"ancestorTitles":["createCanvasSlice"],"fullName":"createCanvasSlice should initialize selected canvas element lists","status":"failed","title":"should initialize selected canvas element lists","duration":5.13345900000013,"failureMessages":["AssertionError: expected undefined to deeply equal []\n    at /Users/borissmiyan/Work/AppDev/ekklesienter/src/features/presenter/store/slices/createCanvasSlice.test.ts:9:45\n    at file:///Users/borissmiyan/Work/AppDev/ekklesienter/node_modules/@vitest/runner/dist/index.js:145:11\n    at file:///Users/borissmiyan/Work/AppDev/ekklesienter/node_modules/@vitest/runner/dist/index.js:915:26\n    at file:///Users/borissmiyan/Work/AppDev/ekklesienter/node_modules/@vitest/runner/dist/index.js:1243:20\n    at new Promise (<anonymous>)\n    at runWithTimeout (file:///Users/borissmiyan/Work/AppDev/ekklesienter/node_modules/@vitest/runner/dist/index.js:1209:10)\n    at file:///Users/borissmiyan/Work/AppDev/ekklesienter/node_modules/@vitest/runner/dist/index.js:1653:37\n    at Traces.$ (file:///Users/borissmiyan/Work/AppDev/ekklesienter/node_modules/vitest/dist/chunks/traces.CCmnQaNT.js:142:27)\n    at trace (file:///Users/borissmiyan/Work/AppDev/ekklesienter/node_modules/vitest/dist/chunks/test.B8ej_ZHS.js:239:21)\n    at runTest (file:///Users/borissmiyan/Work/AppDev/ekklesienter/node_modules/@vitest/runner/dist/index.js:1653:12)"],"meta":{}}],"startTime":1778986937328,"endTime":1778986937333.1335,"status":"failed","message":"","name":"/Users/borissmiyan/Work/AppDev/ekklesienter/src/features/presenter/store/slices/createCanvasSlice.test.ts"},{"assertionResults":[{"ancestorTitles":["createNestedPresentationSlice"],"fullName":"createNestedPresentationSlice addPresentationToTimeline should use presentation directly if it belongs to the same service","status":"passed","title":"addPresentationToTimeline should use presentation directly if it belongs to the same service","duration":19.72637500000019,"failureMessages":[],"meta":{}},{"ancestorTitles":["createNestedPresentationSlice"],"fullName":"createNestedPresentationSlice addPresentationToTimeline should create a snapshot if it belongs to a different service (or library)","status":"passed","title":"addPresentationToTimeline should create a snapshot if it belongs to a different service (or library)","duration":4.69491700000026,"failureMessages":[],"meta":{}},{"ancestorTitles":["createNestedPresentationSlice"],"fullName":"createNestedPresentationSlice addPresentationToTimeline should prevent recursive nesting","status":"passed","title":"addPresentationToTimeline should prevent recursive nesting","duration":0.8115829999997004,"failureMessages":[],"meta":{}}],"startTime":1778986951717,"endTime":1778986951741.8115,"status":"passed","message":"","name":"/Users/borissmiyan/Work/AppDev/ekklesienter/src/features/presenter/store/slices/createNestedPresentationSlice.test.ts"},{"assertionResults":[{"ancestorTitles":["createPresentationSlice"],"fullName":"createPresentationSlice should default presentation files state","status":"failed","title":"should default presentation files state","duration":14.10308299999997,"failureMessages":["AssertionError: expected undefined to be an instance of Map\n    at Proxy.<anonymous> (file:///Users/borissmiyan/Work/AppDev/ekklesienter/node_modules/@vitest/expect/dist/index.js:1319:15)\n    at Proxy.<anonymous> (file:///Users/borissmiyan/Work/AppDev/ekklesienter/node_modules/@vitest/expect/dist/index.js:1090:14)\n    at Proxy.methodWrapper (file:///Users/borissmiyan/Work/AppDev/ekklesienter/node_modules/chai/index.js:1700:25)\n    at /Users/borissmiyan/Work/AppDev/ekklesienter/src/features/presenter/store/slices/createPresentationSlice.test.ts:9:40\n    at file:///Users/borissmiyan/Work/AppDev/ekklesienter/node_modules/@vitest/runner/dist/index.js:145:11\n    at file:///Users/borissmiyan/Work/AppDev/ekklesienter/node_modules/@vitest/runner/dist/index.js:915:26\n    at file:///Users/borissmiyan/Work/AppDev/ekklesienter/node_modules/@vitest/runner/dist/index.js:1243:20\n    at new Promise (<anonymous>)\n    at runWithTimeout (file:///Users/borissmiyan/Work/AppDev/ekklesienter/node_modules/@vitest/runner/dist/index.js:1209:10)\n    at file:///Users/borissmiyan/Work/AppDev/ekklesienter/node_modules/@vitest/runner/dist/index.js:1653:37"],"meta":{}}],"startTime":1778986941276,"endTime":1778986941290.103,"status":"failed","message":"","name":"/Users/borissmiyan/Work/AppDev/ekklesienter/src/features/presenter/store/slices/createPresentationSlice.test.ts"},{"assertionResults":[{"ancestorTitles":["createSlideDesignSlice"],"fullName":"createSlideDesignSlice should default slide design configurations","status":"failed","title":"should default slide design configurations","duration":11.101499999999987,"failureMessages":["AssertionError: expected undefined to be false // Object.is equality\n    at /Users/borissmiyan/Work/AppDev/ekklesienter/src/features/presenter/store/slices/createSlideDesignSlice.test.ts:9:44\n    at file:///Users/borissmiyan/Work/AppDev/ekklesienter/node_modules/@vitest/runner/dist/index.js:145:11\n    at file:///Users/borissmiyan/Work/AppDev/ekklesienter/node_modules/@vitest/runner/dist/index.js:915:26\n    at file:///Users/borissmiyan/Work/AppDev/ekklesienter/node_modules/@vitest/runner/dist/index.js:1243:20\n    at new Promise (<anonymous>)\n    at runWithTimeout (file:///Users/borissmiyan/Work/AppDev/ekklesienter/node_modules/@vitest/runner/dist/index.js:1209:10)\n    at file:///Users/borissmiyan/Work/AppDev/ekklesienter/node_modules/@vitest/runner/dist/index.js:1653:37\n    at Traces.$ (file:///Users/borissmiyan/Work/AppDev/ekklesienter/node_modules/vitest/dist/chunks/traces.CCmnQaNT.js:142:27)\n    at trace (file:///Users/borissmiyan/Work/AppDev/ekklesienter/node_modules/vitest/dist/chunks/test.B8ej_ZHS.js:239:21)\n    at runTest (file:///Users/borissmiyan/Work/AppDev/ekklesienter/node_modules/@vitest/runner/dist/index.js:1653:12)"],"meta":{}}],"startTime":1778986939022,"endTime":1778986939033.1016,"status":"failed","message":"","name":"/Users/borissmiyan/Work/AppDev/ekklesienter/src/features/presenter/store/slices/createSlideDesignSlice.test.ts"},{"assertionResults":[{"ancestorTitles":["createSlideOperationsSlice"],"fullName":"createSlideOperationsSlice should initialize slide operation states","status":"failed","title":"should initialize slide operation states","duration":13.267042000000401,"failureMessages":["AssertionError: expected undefined to deeply equal []\n    at /Users/borissmiyan/Work/AppDev/ekklesienter/src/features/presenter/store/slices/createSlideOperationsSlice.test.ts:9:39\n    at file:///Users/borissmiyan/Work/AppDev/ekklesienter/node_modules/@vitest/runner/dist/index.js:145:11\n    at file:///Users/borissmiyan/Work/AppDev/ekklesienter/node_modules/@vitest/runner/dist/index.js:915:26\n    at file:///Users/borissmiyan/Work/AppDev/ekklesienter/node_modules/@vitest/runner/dist/index.js:1243:20\n    at new Promise (<anonymous>)\n    at runWithTimeout (file:///Users/borissmiyan/Work/AppDev/ekklesienter/node_modules/@vitest/runner/dist/index.js:1209:10)\n    at file:///Users/borissmiyan/Work/AppDev/ekklesienter/node_modules/@vitest/runner/dist/index.js:1653:37\n    at Traces.$ (file:///Users/borissmiyan/Work/AppDev/ekklesienter/node_modules/vitest/dist/chunks/traces.CCmnQaNT.js:142:27)\n    at trace (file:///Users/borissmiyan/Work/AppDev/ekklesienter/node_modules/vitest/dist/chunks/test.B8ej_ZHS.js:239:21)\n    at runTest (file:///Users/borissmiyan/Work/AppDev/ekklesienter/node_modules/@vitest/runner/dist/index.js:1653:12)"],"meta":{}}],"startTime":1778986941069,"endTime":1778986941082.267,"status":"failed","message":"","name":"/Users/borissmiyan/Work/AppDev/ekklesienter/src/features/presenter/store/slices/createSlideOperationsSlice.test.ts"},{"assertionResults":[{"ancestorTitles":["createTemplateSlice"],"fullName":"createTemplateSlice should define templates mapping state","status":"failed","title":"should define templates mapping state","duration":4.2041659999999865,"failureMessages":["AssertionError: expected undefined to be an instance of Map\n    at Proxy.<anonymous> (file:///Users/borissmiyan/Work/AppDev/ekklesienter/node_modules/@vitest/expect/dist/index.js:1319:15)\n    at Proxy.<anonymous> (file:///Users/borissmiyan/Work/AppDev/ekklesienter/node_modules/@vitest/expect/dist/index.js:1090:14)\n    at Proxy.methodWrapper (file:///Users/borissmiyan/Work/AppDev/ekklesienter/node_modules/chai/index.js:1700:25)\n    at /Users/borissmiyan/Work/AppDev/ekklesienter/src/features/presenter/store/slices/createTemplateSlice.test.ts:9:36\n    at file:///Users/borissmiyan/Work/AppDev/ekklesienter/node_modules/@vitest/runner/dist/index.js:145:11\n    at file:///Users/borissmiyan/Work/AppDev/ekklesienter/node_modules/@vitest/runner/dist/index.js:915:26\n    at file:///Users/borissmiyan/Work/AppDev/ekklesienter/node_modules/@vitest/runner/dist/index.js:1243:20\n    at new Promise (<anonymous>)\n    at runWithTimeout (file:///Users/borissmiyan/Work/AppDev/ekklesienter/node_modules/@vitest/runner/dist/index.js:1209:10)\n    at file:///Users/borissmiyan/Work/AppDev/ekklesienter/node_modules/@vitest/runner/dist/index.js:1653:37"],"meta":{}}],"startTime":1778986940186,"endTime":1778986940190.204,"status":"failed","message":"","name":"/Users/borissmiyan/Work/AppDev/ekklesienter/src/features/presenter/store/slices/createTemplateSlice.test.ts"}]}